#
# There is insufficient memory for the Java Runtime Environment to continue.
# Native memory allocation (malloc) failed to allocate 1075536 bytes for Chunk::new
# Possible reasons:
#   The system is out of physical RAM or swap space
#   The process is running with CompressedOops enabled, and the Java Heap may be blocking the growth of the native heap
# Possible solutions:
#   Reduce memory load on the system
#   Increase physical memory or swap space
#   Check if swap backing store is full
#   Decrease Java heap size (-Xmx/-Xms)
#   Decrease number of Java threads
#   Decrease Java thread stack sizes (-Xss)
#   Set larger code cache with -XX:ReservedCodeCacheSize=
#   JVM is running with Unscaled Compressed Oops mode in which the Java heap is
#     placed in the first 4GB address space. The Java Heap base address is the
#     maximum limit for the native heap growth. Please use -XX:HeapBaseMinAddress
#     to set the Java Heap base and to place the Java Heap above 4GB virtual address.
# This output file may be truncated or incomplete.
#
#  Out of Memory Error (arena.cpp:168), pid=32580, tid=10392
#
# JRE version: Java(TM) SE Runtime Environment (21.0.7+8) (build 21.0.7+8-LTS-245)
# Java VM: Java HotSpot(TM) 64-Bit Server VM (21.0.7+8-LTS-245, mixed mode, sharing, tiered, compressed oops, compressed class ptrs, g1 gc, windows-amd64)
# No core dump will be written. Minidumps are not enabled by default on client versions of Windows
#

---------------  S U M M A R Y ------------

Command Line: -Dclassworlds.conf=D:\apache-maven-3.9.9-bin\apache-maven-3.9.9\bin\m2.conf -Dmaven.home=D:\apache-maven-3.9.9-bin\apache-maven-3.9.9 -Dlibrary.jansi.path=D:\apache-maven-3.9.9-bin\apache-maven-3.9.9\lib\jansi-native -Dmaven.multiModuleProjectDirectory=C:\Users\PC\Documents\workspace-spring-tool-suite-4-4.27.0.RELEASE\demo-2 org.codehaus.plexus.classworlds.launcher.Launcher clean package

Host: AMD Ryzen 5 6600H with Radeon Graphics         , 12 cores, 5G,  Windows 11 , 64 bit Build 26100 (10.0.26100.4202)
Time: Wed Jun 25 22:22:04 2025 SE Asia Standard Time elapsed time: 8.709122 seconds (0d 0h 0m 8s)

---------------  T H R E A D  ---------------

Current thread (0x000001c2c87774d0):  JavaThread "C2 CompilerThread1" daemon [_thread_in_native, id=10392, stack(0x00000064d3100000,0x00000064d3200000) (1024K)]


Current CompileTask:
C2:   8709 2681   !   4       java.net.URL::<init> (543 bytes)

Stack: [0x00000064d3100000,0x00000064d3200000]
Native frames: (J=compiled Java code, j=interpreted, Vv=VM code, C=native code)
V  [jvm.dll+0x6cae19]
V  [jvm.dll+0x855741]
V  [jvm.dll+0x857c6e]
V  [jvm.dll+0x858343]
V  [jvm.dll+0x27e0b6]
V  [jvm.dll+0xc4ecd]
V  [jvm.dll+0xc5403]
V  [jvm.dll+0x3b5752]
V  [jvm.dll+0x381e25]
V  [jvm.dll+0x38129a]
V  [jvm.dll+0x246b30]
V  [jvm.dll+0x24610f]
V  [jvm.dll+0x1c6efe]
V  [jvm.dll+0x255819]
V  [jvm.dll+0x253daa]
V  [jvm.dll+0x3eebb6]
V  [jvm.dll+0x7ffa1b]
V  [jvm.dll+0x6c94fd]
C  [ucrtbase.dll+0x37b0]
C  [KERNEL32.DLL+0x2e8d7]
C  [ntdll.dll+0x3c34c]


---------------  P R O C E S S  ---------------

Threads class SMR info:
_java_thread_list=0x000001c30eb2abe0, length=13, elements={
0x000001c2a9d97750, 0x000001c2c84196b0, 0x000001c2c841b020, 0x000001c2c8422db0,
0x000001c2c8423c90, 0x000001c2c8425530, 0x000001c2c842adf0, 0x000001c2c8446610,
0x000001c2c8467310, 0x000001c2c86a6ec0, 0x000001c2c86afb20, 0x000001c2c87774d0,
0x000001c30e9a08a0
}

Java Threads: ( => current thread )
  0x000001c2a9d97750 JavaThread "main"                              [_thread_in_vm, id=21896, stack(0x00000064d1f00000,0x00000064d2000000) (1024K)]
  0x000001c2c84196b0 JavaThread "Reference Handler"          daemon [_thread_blocked, id=15052, stack(0x00000064d2700000,0x00000064d2800000) (1024K)]
  0x000001c2c841b020 JavaThread "Finalizer"                  daemon [_thread_blocked, id=17100, stack(0x00000064d2800000,0x00000064d2900000) (1024K)]
  0x000001c2c8422db0 JavaThread "Signal Dispatcher"          daemon [_thread_blocked, id=32576, stack(0x00000064d2900000,0x00000064d2a00000) (1024K)]
  0x000001c2c8423c90 JavaThread "Attach Listener"            daemon [_thread_blocked, id=20512, stack(0x00000064d2a00000,0x00000064d2b00000) (1024K)]
  0x000001c2c8425530 JavaThread "Service Thread"             daemon [_thread_blocked, id=9752, stack(0x00000064d2b00000,0x00000064d2c00000) (1024K)]
  0x000001c2c842adf0 JavaThread "Monitor Deflation Thread"   daemon [_thread_blocked, id=31660, stack(0x00000064d2c00000,0x00000064d2d00000) (1024K)]
  0x000001c2c8446610 JavaThread "C2 CompilerThread0"         daemon [_thread_blocked, id=30068, stack(0x00000064d2d00000,0x00000064d2e00000) (1024K)]
  0x000001c2c8467310 JavaThread "C1 CompilerThread0"         daemon [_thread_blocked, id=10992, stack(0x00000064d2e00000,0x00000064d2f00000) (1024K)]
  0x000001c2c86a6ec0 JavaThread "Notification Thread"        daemon [_thread_blocked, id=25732, stack(0x00000064d2f00000,0x00000064d3000000) (1024K)]
  0x000001c2c86afb20 JavaThread "Common-Cleaner"             daemon [_thread_blocked, id=10772, stack(0x00000064d3000000,0x00000064d3100000) (1024K)]
=>0x000001c2c87774d0 JavaThread "C2 CompilerThread1"         daemon [_thread_in_native, id=10392, stack(0x00000064d3100000,0x00000064d3200000) (1024K)]
  0x000001c30e9a08a0 JavaThread "Thread-1"                   daemon [_thread_blocked, id=24872, stack(0x00000064d3b00000,0x00000064d3c00000) (1024K)]
Total: 13

Other Threads:
  0x000001c2c8400d50 VMThread "VM Thread"                           [id=25956, stack(0x00000064d2600000,0x00000064d2700000) (1024K)]
  0x000001c2c83ef160 WatcherThread "VM Periodic Task Thread"        [id=32048, stack(0x00000064d2500000,0x00000064d2600000) (1024K)]
  0x000001c2ac1beb10 WorkerThread "GC Thread#0"                     [id=14288, stack(0x00000064d2000000,0x00000064d2100000) (1024K)]
  0x000001c30eb7c4b0 WorkerThread "GC Thread#1"                     [id=13704, stack(0x00000064d3200000,0x00000064d3300000) (1024K)]
  0x000001c30e329460 WorkerThread "GC Thread#2"                     [id=32688, stack(0x00000064d3300000,0x00000064d3400000) (1024K)]
  0x000001c30e11f970 WorkerThread "GC Thread#3"                     [id=29600, stack(0x00000064d3400000,0x00000064d3500000) (1024K)]
  0x000001c30e11fd10 WorkerThread "GC Thread#4"                     [id=16364, stack(0x00000064d3500000,0x00000064d3600000) (1024K)]
  0x000001c30e1200b0 WorkerThread "GC Thread#5"                     [id=31708, stack(0x00000064d3600000,0x00000064d3700000) (1024K)]
  0x000001c30e120450 WorkerThread "GC Thread#6"                     [id=7536, stack(0x00000064d3700000,0x00000064d3800000) (1024K)]
  0x000001c30e586590 WorkerThread "GC Thread#7"                     [id=31624, stack(0x00000064d3800000,0x00000064d3900000) (1024K)]
  0x000001c30ed0a4d0 WorkerThread "GC Thread#8"                     [id=23172, stack(0x00000064d3900000,0x00000064d3a00000) (1024K)]
  0x000001c30ed0b000 WorkerThread "GC Thread#9"                     [id=30380, stack(0x00000064d3a00000,0x00000064d3b00000) (1024K)]
  0x000001c2ac1cbfb0 ConcurrentGCThread "G1 Main Marker"            [id=3188, stack(0x00000064d2100000,0x00000064d2200000) (1024K)]
  0x000001c2ac1cd250 WorkerThread "G1 Conc#0"                       [id=20020, stack(0x00000064d2200000,0x00000064d2300000) (1024K)]
  0x000001c2ac23eac0 ConcurrentGCThread "G1 Refine#0"               [id=12328, stack(0x00000064d2300000,0x00000064d2400000) (1024K)]
  0x000001c2c82bc850 ConcurrentGCThread "G1 Service"                [id=16848, stack(0x00000064d2400000,0x00000064d2500000) (1024K)]
Total: 16

Threads with active compile tasks:
C2 CompilerThread1     8756 2681   !   4       java.net.URL::<init> (543 bytes)
Total: 1

VM state: not at safepoint (normal execution)

VM Mutex/Monitor currently owned by a thread: None

Heap address: 0x00000000a4e00000, size: 1458 MB, Compressed Oops mode: 32-bit

CDS archive(s) mapped at: [0x000001c2c9000000-0x000001c2c9c90000-0x000001c2c9c90000), size 13172736, SharedBaseAddress: 0x000001c2c9000000, ArchiveRelocationMode: 1.
Compressed class space mapped at: 0x000001c2ca000000-0x000001c30a000000, reserved size: 1073741824
Narrow klass base: 0x000001c2c9000000, Narrow klass shift: 0, Narrow klass range: 0x100000000

GC Precious Log:
 CardTable entry size: 512
 Card Set container configuration: InlinePtr #cards 5 size 8 Array Of Cards #cards 12 size 40 Howl #buckets 4 coarsen threshold 1843 Howl Bitmap #cards 512 size 80 coarsen threshold 460 Card regions per heap region 1 cards per card region 2048
 CPUs: 12 total, 12 available
 Memory: 5829M
 Large Page Support: Disabled
 NUMA Support: Disabled
 Compressed Oops: Enabled (32-bit)
 Heap Region Size: 1M
 Heap Min Capacity: 8M
 Heap Initial Capacity: 92M
 Heap Max Capacity: 1458M
 Pre-touch: Disabled
 Parallel Workers: 10
 Concurrent Workers: 3
 Concurrent Refinement Workers: 10
 Periodic GC: Disabled

Heap:
 garbage-first heap   total 94208K, used 24354K [0x00000000a4e00000, 0x0000000100000000)
  region size 1024K, 21 young (21504K), 2 survivors (2048K)
 Metaspace       used 14384K, committed 14656K, reserved 1114112K
  class space    used 1713K, committed 1856K, reserved 1048576K

Heap Regions: E=young(eden), S=young(survivor), O=old, HS=humongous(starts), HC=humongous(continues), CS=collection set, F=free, TAMS=top-at-mark-start, PB=parsable bottom
|   0|0x00000000a4e00000, 0x00000000a4f00000, 0x00000000a4f00000|100%| O|  |TAMS 0x00000000a4e00000| PB 0x00000000a4e00000| Untracked 
|   1|0x00000000a4f00000, 0x00000000a5000000, 0x00000000a5000000|100%| O|  |TAMS 0x00000000a4f00000| PB 0x00000000a4f00000| Untracked 
|   2|0x00000000a5000000, 0x00000000a5100000, 0x00000000a5100000|100%| O|  |TAMS 0x00000000a5000000| PB 0x00000000a5000000| Untracked 
|   3|0x00000000a5100000, 0x00000000a51c8ad8, 0x00000000a5200000| 78%| O|  |TAMS 0x00000000a5100000| PB 0x00000000a5100000| Untracked 
|   4|0x00000000a5200000, 0x00000000a5200000, 0x00000000a5300000|  0%| F|  |TAMS 0x00000000a5200000| PB 0x00000000a5200000| Untracked 
|   5|0x00000000a5300000, 0x00000000a5300000, 0x00000000a5400000|  0%| F|  |TAMS 0x00000000a5300000| PB 0x00000000a5300000| Untracked 
|   6|0x00000000a5400000, 0x00000000a5400000, 0x00000000a5500000|  0%| F|  |TAMS 0x00000000a5400000| PB 0x00000000a5400000| Untracked 
|   7|0x00000000a5500000, 0x00000000a5500000, 0x00000000a5600000|  0%| F|  |TAMS 0x00000000a5500000| PB 0x00000000a5500000| Untracked 
|   8|0x00000000a5600000, 0x00000000a5600000, 0x00000000a5700000|  0%| F|  |TAMS 0x00000000a5600000| PB 0x00000000a5600000| Untracked 
|   9|0x00000000a5700000, 0x00000000a5700000, 0x00000000a5800000|  0%| F|  |TAMS 0x00000000a5700000| PB 0x00000000a5700000| Untracked 
|  10|0x00000000a5800000, 0x00000000a5800000, 0x00000000a5900000|  0%| F|  |TAMS 0x00000000a5800000| PB 0x00000000a5800000| Untracked 
|  11|0x00000000a5900000, 0x00000000a5900000, 0x00000000a5a00000|  0%| F|  |TAMS 0x00000000a5900000| PB 0x00000000a5900000| Untracked 
|  12|0x00000000a5a00000, 0x00000000a5a00000, 0x00000000a5b00000|  0%| F|  |TAMS 0x00000000a5a00000| PB 0x00000000a5a00000| Untracked 
|  13|0x00000000a5b00000, 0x00000000a5b00000, 0x00000000a5c00000|  0%| F|  |TAMS 0x00000000a5b00000| PB 0x00000000a5b00000| Untracked 
|  14|0x00000000a5c00000, 0x00000000a5c00000, 0x00000000a5d00000|  0%| F|  |TAMS 0x00000000a5c00000| PB 0x00000000a5c00000| Untracked 
|  15|0x00000000a5d00000, 0x00000000a5d00000, 0x00000000a5e00000|  0%| F|  |TAMS 0x00000000a5d00000| PB 0x00000000a5d00000| Untracked 
|  16|0x00000000a5e00000, 0x00000000a5e00000, 0x00000000a5f00000|  0%| F|  |TAMS 0x00000000a5e00000| PB 0x00000000a5e00000| Untracked 
|  17|0x00000000a5f00000, 0x00000000a5f00000, 0x00000000a6000000|  0%| F|  |TAMS 0x00000000a5f00000| PB 0x00000000a5f00000| Untracked 
|  18|0x00000000a6000000, 0x00000000a6000000, 0x00000000a6100000|  0%| F|  |TAMS 0x00000000a6000000| PB 0x00000000a6000000| Untracked 
|  19|0x00000000a6100000, 0x00000000a6100000, 0x00000000a6200000|  0%| F|  |TAMS 0x00000000a6100000| PB 0x00000000a6100000| Untracked 
|  20|0x00000000a6200000, 0x00000000a6200000, 0x00000000a6300000|  0%| F|  |TAMS 0x00000000a6200000| PB 0x00000000a6200000| Untracked 
|  21|0x00000000a6300000, 0x00000000a6300000, 0x00000000a6400000|  0%| F|  |TAMS 0x00000000a6300000| PB 0x00000000a6300000| Untracked 
|  22|0x00000000a6400000, 0x00000000a6400000, 0x00000000a6500000|  0%| F|  |TAMS 0x00000000a6400000| PB 0x00000000a6400000| Untracked 
|  23|0x00000000a6500000, 0x00000000a6500000, 0x00000000a6600000|  0%| F|  |TAMS 0x00000000a6500000| PB 0x00000000a6500000| Untracked 
|  24|0x00000000a6600000, 0x00000000a6600000, 0x00000000a6700000|  0%| F|  |TAMS 0x00000000a6600000| PB 0x00000000a6600000| Untracked 
|  25|0x00000000a6700000, 0x00000000a6700000, 0x00000000a6800000|  0%| F|  |TAMS 0x00000000a6700000| PB 0x00000000a6700000| Untracked 
|  26|0x00000000a6800000, 0x00000000a6800000, 0x00000000a6900000|  0%| F|  |TAMS 0x00000000a6800000| PB 0x00000000a6800000| Untracked 
|  27|0x00000000a6900000, 0x00000000a6900000, 0x00000000a6a00000|  0%| F|  |TAMS 0x00000000a6900000| PB 0x00000000a6900000| Untracked 
|  28|0x00000000a6a00000, 0x00000000a6a00000, 0x00000000a6b00000|  0%| F|  |TAMS 0x00000000a6a00000| PB 0x00000000a6a00000| Untracked 
|  29|0x00000000a6b00000, 0x00000000a6b00000, 0x00000000a6c00000|  0%| F|  |TAMS 0x00000000a6b00000| PB 0x00000000a6b00000| Untracked 
|  30|0x00000000a6c00000, 0x00000000a6c00000, 0x00000000a6d00000|  0%| F|  |TAMS 0x00000000a6c00000| PB 0x00000000a6c00000| Untracked 
|  31|0x00000000a6d00000, 0x00000000a6d00000, 0x00000000a6e00000|  0%| F|  |TAMS 0x00000000a6d00000| PB 0x00000000a6d00000| Untracked 
|  32|0x00000000a6e00000, 0x00000000a6e00000, 0x00000000a6f00000|  0%| F|  |TAMS 0x00000000a6e00000| PB 0x00000000a6e00000| Untracked 
|  33|0x00000000a6f00000, 0x00000000a6f00000, 0x00000000a7000000|  0%| F|  |TAMS 0x00000000a6f00000| PB 0x00000000a6f00000| Untracked 
|  34|0x00000000a7000000, 0x00000000a7000000, 0x00000000a7100000|  0%| F|  |TAMS 0x00000000a7000000| PB 0x00000000a7000000| Untracked 
|  35|0x00000000a7100000, 0x00000000a7100000, 0x00000000a7200000|  0%| F|  |TAMS 0x00000000a7100000| PB 0x00000000a7100000| Untracked 
|  36|0x00000000a7200000, 0x00000000a7200000, 0x00000000a7300000|  0%| F|  |TAMS 0x00000000a7200000| PB 0x00000000a7200000| Untracked 
|  37|0x00000000a7300000, 0x00000000a7300000, 0x00000000a7400000|  0%| F|  |TAMS 0x00000000a7300000| PB 0x00000000a7300000| Untracked 
|  38|0x00000000a7400000, 0x00000000a7400000, 0x00000000a7500000|  0%| F|  |TAMS 0x00000000a7400000| PB 0x00000000a7400000| Untracked 
|  39|0x00000000a7500000, 0x00000000a7500000, 0x00000000a7600000|  0%| F|  |TAMS 0x00000000a7500000| PB 0x00000000a7500000| Untracked 
|  40|0x00000000a7600000, 0x00000000a7600000, 0x00000000a7700000|  0%| F|  |TAMS 0x00000000a7600000| PB 0x00000000a7600000| Untracked 
|  41|0x00000000a7700000, 0x00000000a7700000, 0x00000000a7800000|  0%| F|  |TAMS 0x00000000a7700000| PB 0x00000000a7700000| Untracked 
|  42|0x00000000a7800000, 0x00000000a7800000, 0x00000000a7900000|  0%| F|  |TAMS 0x00000000a7800000| PB 0x00000000a7800000| Untracked 
|  43|0x00000000a7900000, 0x00000000a7900000, 0x00000000a7a00000|  0%| F|  |TAMS 0x00000000a7900000| PB 0x00000000a7900000| Untracked 
|  44|0x00000000a7a00000, 0x00000000a7a00000, 0x00000000a7b00000|  0%| F|  |TAMS 0x00000000a7a00000| PB 0x00000000a7a00000| Untracked 
|  45|0x00000000a7b00000, 0x00000000a7b00000, 0x00000000a7c00000|  0%| F|  |TAMS 0x00000000a7b00000| PB 0x00000000a7b00000| Untracked 
|  46|0x00000000a7c00000, 0x00000000a7c00000, 0x00000000a7d00000|  0%| F|  |TAMS 0x00000000a7c00000| PB 0x00000000a7c00000| Untracked 
|  47|0x00000000a7d00000, 0x00000000a7d00000, 0x00000000a7e00000|  0%| F|  |TAMS 0x00000000a7d00000| PB 0x00000000a7d00000| Untracked 
|  48|0x00000000a7e00000, 0x00000000a7e00000, 0x00000000a7f00000|  0%| F|  |TAMS 0x00000000a7e00000| PB 0x00000000a7e00000| Untracked 
|  49|0x00000000a7f00000, 0x00000000a7f00000, 0x00000000a8000000|  0%| F|  |TAMS 0x00000000a7f00000| PB 0x00000000a7f00000| Untracked 
|  50|0x00000000a8000000, 0x00000000a8000000, 0x00000000a8100000|  0%| F|  |TAMS 0x00000000a8000000| PB 0x00000000a8000000| Untracked 
|  51|0x00000000a8100000, 0x00000000a8100000, 0x00000000a8200000|  0%| F|  |TAMS 0x00000000a8100000| PB 0x00000000a8100000| Untracked 
|  52|0x00000000a8200000, 0x00000000a8200000, 0x00000000a8300000|  0%| F|  |TAMS 0x00000000a8200000| PB 0x00000000a8200000| Untracked 
|  53|0x00000000a8300000, 0x00000000a8300000, 0x00000000a8400000|  0%| F|  |TAMS 0x00000000a8300000| PB 0x00000000a8300000| Untracked 
|  54|0x00000000a8400000, 0x00000000a8400000, 0x00000000a8500000|  0%| F|  |TAMS 0x00000000a8400000| PB 0x00000000a8400000| Untracked 
|  55|0x00000000a8500000, 0x00000000a8500000, 0x00000000a8600000|  0%| F|  |TAMS 0x00000000a8500000| PB 0x00000000a8500000| Untracked 
|  56|0x00000000a8600000, 0x00000000a8700000, 0x00000000a8700000|100%| S|CS|TAMS 0x00000000a8600000| PB 0x00000000a8600000| Complete 
|  57|0x00000000a8700000, 0x00000000a8800000, 0x00000000a8800000|100%| S|CS|TAMS 0x00000000a8700000| PB 0x00000000a8700000| Complete 
|  58|0x00000000a8800000, 0x00000000a8800000, 0x00000000a8900000|  0%| F|  |TAMS 0x00000000a8800000| PB 0x00000000a8800000| Untracked 
|  59|0x00000000a8900000, 0x00000000a8900000, 0x00000000a8a00000|  0%| F|  |TAMS 0x00000000a8900000| PB 0x00000000a8900000| Untracked 
|  60|0x00000000a8a00000, 0x00000000a8a00000, 0x00000000a8b00000|  0%| F|  |TAMS 0x00000000a8a00000| PB 0x00000000a8a00000| Untracked 
|  61|0x00000000a8b00000, 0x00000000a8b00000, 0x00000000a8c00000|  0%| F|  |TAMS 0x00000000a8b00000| PB 0x00000000a8b00000| Untracked 
|  62|0x00000000a8c00000, 0x00000000a8c00000, 0x00000000a8d00000|  0%| F|  |TAMS 0x00000000a8c00000| PB 0x00000000a8c00000| Untracked 
|  63|0x00000000a8d00000, 0x00000000a8d00000, 0x00000000a8e00000|  0%| F|  |TAMS 0x00000000a8d00000| PB 0x00000000a8d00000| Untracked 
|  64|0x00000000a8e00000, 0x00000000a8e00000, 0x00000000a8f00000|  0%| F|  |TAMS 0x00000000a8e00000| PB 0x00000000a8e00000| Untracked 
|  65|0x00000000a8f00000, 0x00000000a8f00000, 0x00000000a9000000|  0%| F|  |TAMS 0x00000000a8f00000| PB 0x00000000a8f00000| Untracked 
|  66|0x00000000a9000000, 0x00000000a9000000, 0x00000000a9100000|  0%| F|  |TAMS 0x00000000a9000000| PB 0x00000000a9000000| Untracked 
|  67|0x00000000a9100000, 0x00000000a9100000, 0x00000000a9200000|  0%| F|  |TAMS 0x00000000a9100000| PB 0x00000000a9100000| Untracked 
|  68|0x00000000a9200000, 0x00000000a9200000, 0x00000000a9300000|  0%| F|  |TAMS 0x00000000a9200000| PB 0x00000000a9200000| Untracked 
|  69|0x00000000a9300000, 0x00000000a9300000, 0x00000000a9400000|  0%| F|  |TAMS 0x00000000a9300000| PB 0x00000000a9300000| Untracked 
|  70|0x00000000a9400000, 0x00000000a9400000, 0x00000000a9500000|  0%| F|  |TAMS 0x00000000a9400000| PB 0x00000000a9400000| Untracked 
|  71|0x00000000a9500000, 0x00000000a9500000, 0x00000000a9600000|  0%| F|  |TAMS 0x00000000a9500000| PB 0x00000000a9500000| Untracked 
|  72|0x00000000a9600000, 0x00000000a9680000, 0x00000000a9700000| 50%| E|  |TAMS 0x00000000a9600000| PB 0x00000000a9600000| Complete 
|  73|0x00000000a9700000, 0x00000000a9800000, 0x00000000a9800000|100%| E|CS|TAMS 0x00000000a9700000| PB 0x00000000a9700000| Complete 
|  74|0x00000000a9800000, 0x00000000a9900000, 0x00000000a9900000|100%| E|CS|TAMS 0x00000000a9800000| PB 0x00000000a9800000| Complete 
|  75|0x00000000a9900000, 0x00000000a9a00000, 0x00000000a9a00000|100%| E|CS|TAMS 0x00000000a9900000| PB 0x00000000a9900000| Complete 
|  76|0x00000000a9a00000, 0x00000000a9b00000, 0x00000000a9b00000|100%| E|CS|TAMS 0x00000000a9a00000| PB 0x00000000a9a00000| Complete 
|  77|0x00000000a9b00000, 0x00000000a9c00000, 0x00000000a9c00000|100%| E|CS|TAMS 0x00000000a9b00000| PB 0x00000000a9b00000| Complete 
|  78|0x00000000a9c00000, 0x00000000a9d00000, 0x00000000a9d00000|100%| E|CS|TAMS 0x00000000a9c00000| PB 0x00000000a9c00000| Complete 
|  79|0x00000000a9d00000, 0x00000000a9e00000, 0x00000000a9e00000|100%| E|CS|TAMS 0x00000000a9d00000| PB 0x00000000a9d00000| Complete 
|  80|0x00000000a9e00000, 0x00000000a9f00000, 0x00000000a9f00000|100%| E|CS|TAMS 0x00000000a9e00000| PB 0x00000000a9e00000| Complete 
|  81|0x00000000a9f00000, 0x00000000aa000000, 0x00000000aa000000|100%| E|CS|TAMS 0x00000000a9f00000| PB 0x00000000a9f00000| Complete 
|  82|0x00000000aa000000, 0x00000000aa100000, 0x00000000aa100000|100%| E|CS|TAMS 0x00000000aa000000| PB 0x00000000aa000000| Complete 
|  83|0x00000000aa100000, 0x00000000aa200000, 0x00000000aa200000|100%| E|CS|TAMS 0x00000000aa100000| PB 0x00000000aa100000| Complete 
|  84|0x00000000aa200000, 0x00000000aa300000, 0x00000000aa300000|100%| E|CS|TAMS 0x00000000aa200000| PB 0x00000000aa200000| Complete 
|  85|0x00000000aa300000, 0x00000000aa400000, 0x00000000aa400000|100%| E|CS|TAMS 0x00000000aa300000| PB 0x00000000aa300000| Complete 
|  86|0x00000000aa400000, 0x00000000aa500000, 0x00000000aa500000|100%| E|CS|TAMS 0x00000000aa400000| PB 0x00000000aa400000| Complete 
|  87|0x00000000aa500000, 0x00000000aa600000, 0x00000000aa600000|100%| E|CS|TAMS 0x00000000aa500000| PB 0x00000000aa500000| Complete 
|  88|0x00000000aa600000, 0x00000000aa700000, 0x00000000aa700000|100%| E|CS|TAMS 0x00000000aa600000| PB 0x00000000aa600000| Complete 
|  89|0x00000000aa700000, 0x00000000aa800000, 0x00000000aa800000|100%| E|CS|TAMS 0x00000000aa700000| PB 0x00000000aa700000| Complete 
|  90|0x00000000aa800000, 0x00000000aa900000, 0x00000000aa900000|100%| E|CS|TAMS 0x00000000aa800000| PB 0x00000000aa800000| Complete 
|  91|0x00000000aa900000, 0x00000000aaa00000, 0x00000000aaa00000|100%| E|CS|TAMS 0x00000000aa900000| PB 0x00000000aa900000| Complete 

Card table byte_map: [0x000001c2c3e50000,0x000001c2c4130000] _byte_map_base: 0x000001c2c3929000

Marking Bits: (CMBitMap*) 0x000001c2ac1bf210
 Bits: [0x000001c2c4130000, 0x000001c2c57f8000)

Polling page: 0x000001c2aa050000

Metaspace:

Usage:
  Non-class:     12.43 MB used.
      Class:      1.68 MB used.
       Both:     14.11 MB used.

Virtual space:
  Non-class space:       64.00 MB reserved,      12.56 MB ( 20%) committed,  1 nodes.
      Class space:        1.00 GB reserved,       1.81 MB ( <1%) committed,  1 nodes.
             Both:        1.06 GB reserved,      14.38 MB (  1%) committed. 

Chunk freelists:
   Non-Class:  2.77 MB
       Class:  14.04 MB
        Both:  16.80 MB

MaxMetaspaceSize: unlimited
CompressedClassSpaceSize: 1.00 GB
Initial GC threshold: 21.00 MB
Current GC threshold: 21.00 MB
CDS: on
 - commit_granule_bytes: 65536.
 - commit_granule_words: 8192.
 - virtual_space_node_default_size: 8388608.
 - enlarge_chunks_in_place: 1.
 - use_allocation_guard: 0.


Internal statistics:

num_allocs_failed_limit: 0.
num_arena_births: 148.
num_arena_deaths: 0.
num_vsnodes_births: 2.
num_vsnodes_deaths: 0.
num_space_committed: 230.
num_space_uncommitted: 0.
num_chunks_returned_to_freelist: 0.
num_chunks_taken_from_freelist: 603.
num_chunk_merges: 0.
num_chunk_splits: 432.
num_chunks_enlarged: 365.
num_inconsistent_stats: 0.

CodeHeap 'non-profiled nmethods': size=120000Kb used=1037Kb max_used=1037Kb free=118962Kb
 bounds [0x000001c2bc0e0000, 0x000001c2bc350000, 0x000001c2c3610000]
CodeHeap 'profiled nmethods': size=120000Kb used=5374Kb max_used=5374Kb free=114625Kb
 bounds [0x000001c2b4610000, 0x000001c2b4b50000, 0x000001c2bbb40000]
CodeHeap 'non-nmethods': size=5760Kb used=1390Kb max_used=1405Kb free=4369Kb
 bounds [0x000001c2bbb40000, 0x000001c2bbdb0000, 0x000001c2bc0e0000]
 total_blobs=3224 nmethods=2738 adapters=390
 compilation: enabled
              stopped_count=0, restarted_count=0
 full_count=0

Compilation events (20 events):
Event: 7.689 Thread 0x000001c2c8467310 2704       3       java.lang.invoke.TypeConvertingMethodAdapter::descriptorToName (36 bytes)
Event: 7.690 Thread 0x000001c2c8467310 nmethod 2704 0x000001c2b4b36910 code [0x000001c2b4b36ba0, 0x000001c2b4b37760]
Event: 7.690 Thread 0x000001c2c8467310 2705       3       java.lang.invoke.MethodHandle::bindTo (19 bytes)
Event: 7.691 Thread 0x000001c2c8467310 nmethod 2705 0x000001c2b4b37c10 code [0x000001c2b4b37e20, 0x000001c2b4b38450]
Event: 7.691 Thread 0x000001c2c8467310 2706       3       java.lang.invoke.MethodType::leadingReferenceParameter (30 bytes)
Event: 7.691 Thread 0x000001c2c8467310 nmethod 2706 0x000001c2b4b38690 code [0x000001c2b4b38860, 0x000001c2b4b38b50]
Event: 7.691 Thread 0x000001c2c8467310 2707       3       java.lang.invoke.MethodHandle::bindArgumentL (10 bytes)
Event: 7.691 Thread 0x000001c2c8467310 nmethod 2707 0x000001c2b4b38c90 code [0x000001c2b4b38ea0, 0x000001c2b4b39528]
Event: 7.691 Thread 0x000001c2c8467310 2709   !   3       com.google.inject.internal.Initializer$InjectableReference::get (254 bytes)
Event: 7.692 Thread 0x000001c2c8467310 nmethod 2709 0x000001c2b4b39790 code [0x000001c2b4b39b20, 0x000001c2b4b3acb8]
Event: 7.692 Thread 0x000001c2c8467310 2710       3       com.google.inject.internal.BindingImpl::getProvider (44 bytes)
Event: 7.693 Thread 0x000001c2c8467310 nmethod 2710 0x000001c2b4b3b690 code [0x000001c2b4b3b860, 0x000001c2b4b3bb78]
Event: 7.693 Thread 0x000001c2c8467310 2703       3       java.lang.invoke.MethodHandleNatives::canBeCalledVirtual (49 bytes)
Event: 7.693 Thread 0x000001c2c8467310 nmethod 2703 0x000001c2b4b3bc90 code [0x000001c2b4b3be80, 0x000001c2b4b3c338]
Event: 7.693 Thread 0x000001c2c8467310 2711       1       com.google.inject.internal.InternalContext::getDependency (5 bytes)
Event: 7.693 Thread 0x000001c2c8467310 nmethod 2711 0x000001c2bc1e1310 code [0x000001c2bc1e14a0, 0x000001c2bc1e1568]
Event: 7.702 Thread 0x000001c2c8467310 2712       3       java.util.ArrayList::<init> (12 bytes)
Event: 7.702 Thread 0x000001c2c8467310 nmethod 2712 0x000001c2b4b3c510 code [0x000001c2b4b3c6c0, 0x000001c2b4b3c958]
Event: 7.702 Thread 0x000001c2c8467310 2713   !   3       java.util.concurrent.ConcurrentHashMap::transfer (849 bytes)
Event: 8.704 Thread 0x000001c2c8467310 nmethod 2713 0x000001c2b4b3ca90 code [0x000001c2b4b3cf00, 0x000001c2b4b3f628]

GC Heap History (4 events):
Event: 6.674 GC heap before
{Heap before GC invocations=0 (full 0):
 garbage-first heap   total 94208K, used 22528K [0x00000000a4e00000, 0x0000000100000000)
  region size 1024K, 23 young (23552K), 0 survivors (0K)
 Metaspace       used 5702K, committed 5888K, reserved 1114112K
  class space    used 660K, committed 768K, reserved 1048576K
}
Event: 6.682 GC heap after
{Heap after GC invocations=1 (full 0):
 garbage-first heap   total 94208K, used 3752K [0x00000000a4e00000, 0x0000000100000000)
  region size 1024K, 3 young (3072K), 3 survivors (3072K)
 Metaspace       used 5702K, committed 5888K, reserved 1114112K
  class space    used 660K, committed 768K, reserved 1048576K
}
Event: 7.245 GC heap before
{Heap before GC invocations=1 (full 0):
 garbage-first heap   total 94208K, used 35496K [0x00000000a4e00000, 0x0000000100000000)
  region size 1024K, 34 young (34816K), 3 survivors (3072K)
 Metaspace       used 10333K, committed 10560K, reserved 1114112K
  class space    used 1221K, committed 1344K, reserved 1048576K
}
Event: 7.253 GC heap after
{Heap after GC invocations=2 (full 0):
 garbage-first heap   total 94208K, used 5922K [0x00000000a4e00000, 0x0000000100000000)
  region size 1024K, 2 young (2048K), 2 survivors (2048K)
 Metaspace       used 10333K, committed 10560K, reserved 1114112K
  class space    used 1221K, committed 1344K, reserved 1048576K
}

Dll operation events (8 events):
Event: 0.010 Loaded shared library C:\Program Files\Java\jdk-21\bin\java.dll
Event: 0.049 Loaded shared library C:\Program Files\Java\jdk-21\bin\jsvml.dll
Event: 0.071 Loaded shared library C:\Program Files\Java\jdk-21\bin\net.dll
Event: 0.075 Loaded shared library C:\Program Files\Java\jdk-21\bin\nio.dll
Event: 0.129 Loaded shared library C:\Program Files\Java\jdk-21\bin\zip.dll
Event: 5.323 Loaded shared library C:\Program Files\Java\jdk-21\bin\jimage.dll
Event: 5.649 Loaded shared library D:\apache-maven-3.9.9-bin\apache-maven-3.9.9\lib\jansi-native\Windows\x86_64\jansi.dll
Event: 5.671 Loaded shared library C:\Program Files\Java\jdk-21\bin\verify.dll

Deoptimization events (20 events):
Event: 7.644 Thread 0x000001c2a9d97750 Uncommon trap: trap_request=0xffffff45 fr.pc=0x000001c2bc153440 relative=0x0000000000001d40
Event: 7.644 Thread 0x000001c2a9d97750 Uncommon trap: reason=unstable_if action=reinterpret pc=0x000001c2bc153440 method=sun.nio.cs.StreamDecoder.implRead([CII)I @ 36 c2
Event: 7.644 Thread 0x000001c2a9d97750 DEOPT PACKING pc=0x000001c2bc153440 sp=0x00000064d1ffe430
Event: 7.644 Thread 0x000001c2a9d97750 DEOPT UNPACKING pc=0x000001c2bbb946a2 sp=0x00000064d1ffe328 mode 2
Event: 7.644 Thread 0x000001c2a9d97750 Uncommon trap: trap_request=0x000000e1 fr.pc=0x000001c2bc13c480 relative=0x00000000000000e0
Event: 7.644 Thread 0x000001c2a9d97750 Uncommon trap: reason=unloaded action=reinterpret pc=0x000001c2bc13c480 method=org.codehaus.plexus.util.xml.pull.MXParser.more()C @ 22 c2
Event: 7.644 Thread 0x000001c2a9d97750 DEOPT PACKING pc=0x000001c2bc13c480 sp=0x00000064d1ffe690
Event: 7.644 Thread 0x000001c2a9d97750 DEOPT UNPACKING pc=0x000001c2bbb946a2 sp=0x00000064d1ffe630 mode 2
Event: 7.646 Thread 0x000001c2a9d97750 Uncommon trap: trap_request=0xffffff45 fr.pc=0x000001c2bc158ba0 relative=0x0000000000000920
Event: 7.646 Thread 0x000001c2a9d97750 Uncommon trap: reason=unstable_if action=reinterpret pc=0x000001c2bc158ba0 method=org.codehaus.plexus.util.xml.pull.MXParser.nextImpl()I @ 880 c2
Event: 7.646 Thread 0x000001c2a9d97750 DEOPT PACKING pc=0x000001c2bc158ba0 sp=0x00000064d1ffe570
Event: 7.646 Thread 0x000001c2a9d97750 DEOPT UNPACKING pc=0x000001c2bbb946a2 sp=0x00000064d1ffe4f8 mode 2
Event: 7.646 Thread 0x000001c2a9d97750 Uncommon trap: trap_request=0xffffff45 fr.pc=0x000001c2bc1679dc relative=0x000000000000207c
Event: 7.646 Thread 0x000001c2a9d97750 Uncommon trap: reason=unstable_if action=reinterpret pc=0x000001c2bc1679dc method=sun.nio.cs.StreamDecoder.implRead([CII)I @ 36 c2
Event: 7.646 Thread 0x000001c2a9d97750 DEOPT PACKING pc=0x000001c2bc1679dc sp=0x00000064d1ffe340
Event: 7.646 Thread 0x000001c2a9d97750 DEOPT UNPACKING pc=0x000001c2bbb946a2 sp=0x00000064d1ffe2c8 mode 2
Event: 7.656 Thread 0x000001c2a9d97750 Uncommon trap: trap_request=0xffffff45 fr.pc=0x000001c2bc14278c relative=0x000000000000088c
Event: 7.656 Thread 0x000001c2a9d97750 Uncommon trap: reason=unstable_if action=reinterpret pc=0x000001c2bc14278c method=sun.nio.cs.StreamDecoder.implRead([CII)I @ 36 c2
Event: 7.656 Thread 0x000001c2a9d97750 DEOPT PACKING pc=0x000001c2bc14278c sp=0x00000064d1ffe360
Event: 7.656 Thread 0x000001c2a9d97750 DEOPT UNPACKING pc=0x000001c2bbb946a2 sp=0x00000064d1ffe340 mode 2

Classes loaded (20 events):
Event: 7.686 Loading class jdk/internal/misc/ThreadTracker
Event: 7.686 Loading class jdk/internal/misc/ThreadTracker done
Event: 7.686 Loading class jdk/internal/misc/ThreadTracker$ThreadRef
Event: 7.686 Loading class jdk/internal/misc/ThreadTracker$ThreadRef done
Event: 7.686 Loading class java/net/URL$2
Event: 7.686 Loading class java/net/URL$2 done
Event: 7.686 Loading class java/net/URL$1
Event: 7.686 Loading class java/net/URL$1 done
Event: 7.686 Loading class java/net/spi/URLStreamHandlerProvider
Event: 7.687 Loading class java/net/spi/URLStreamHandlerProvider done
Event: 7.687 Loading class sun/net/www/protocol/https/Handler
Event: 7.687 Loading class sun/net/www/protocol/http/Handler
Event: 7.687 Loading class sun/net/www/protocol/http/Handler done
Event: 7.687 Loading class sun/net/www/protocol/https/Handler done
Event: 7.689 Loading class java/util/regex/Pattern$Pos
Event: 7.689 Loading class java/util/regex/Pattern$Pos done
Event: 7.692 Loading class java/util/ArrayList$SubList$1
Event: 7.693 Loading class java/util/ArrayList$SubList$1 done
Event: 7.696 Loading class java/util/concurrent/atomic/AtomicReference
Event: 7.697 Loading class java/util/concurrent/atomic/AtomicReference done

Classes unloaded (0 events):
No events

Classes redefined (0 events):
No events

Internal exceptions (20 events):
Event: 6.506 Thread 0x000001c2a9d97750 Exception <a 'java/lang/NoSuchMethodError'{0x00000000a9b7dc58}: 'java.lang.Object java.lang.invoke.DirectMethodHandle$Holder.invokeInterface(java.lang.Object, java.lang.Object)'> (0x00000000a9b7dc58) 
thrown [s\open\src\hotspot\share\interpreter\linkResolver.cpp, line 773]
Event: 6.522 Thread 0x000001c2a9d97750 Exception <a 'java/lang/NoSuchMethodError'{0x00000000a9a173d8}: 'int java.lang.invoke.DirectMethodHandle$Holder.invokeStatic(java.lang.Object, java.lang.Object, java.lang.Object, java.lang.Object)'> (0x00000000a9a173d8) 
thrown [s\open\src\hotspot\share\interpreter\linkResolver.cpp, line 773]
Event: 6.522 Thread 0x000001c2a9d97750 Exception <a 'java/lang/NoSuchMethodError'{0x00000000a9a1aa68}: 'java.lang.Object java.lang.invoke.Invokers$Holder.invokeExact_MT(java.lang.Object, java.lang.Object, java.lang.Object, java.lang.Object, java.lang.Object, java.lang.Object)'> (0x00000000a9a1aa68) 
thrown [s\open\src\hotspot\share\interpreter\linkResolver.cpp, line 773]
Event: 6.524 Thread 0x000001c2a9d97750 Exception <a 'java/lang/NoSuchMethodError'{0x00000000a9a290f8}: 'int java.lang.invoke.DirectMethodHandle$Holder.invokeSpecialIFC(java.lang.Object, java.lang.Object, java.lang.Object, java.lang.Object, java.lang.Object)'> (0x00000000a9a290f8) 
thrown [s\open\src\hotspot\share\interpreter\linkResolver.cpp, line 773]
Event: 6.570 Thread 0x000001c2a9d97750 Exception <a 'java/lang/NoSuchMethodError'{0x00000000a99ac498}: 'java.lang.Object java.lang.invoke.DirectMethodHandle$Holder.newInvokeSpecial(java.lang.Object, java.lang.Object, java.lang.Object, java.lang.Object, java.lang.Object)'> (0x00000000a99ac498) 
thrown [s\open\src\hotspot\share\interpreter\linkResolver.cpp, line 773]
Event: 6.597 Thread 0x000001c2a9d97750 Exception <a 'java/lang/NoSuchMethodError'{0x00000000a98a97f0}: 'int java.lang.invoke.DirectMethodHandle$Holder.invokeStaticInit(java.lang.Object, java.lang.Object)'> (0x00000000a98a97f0) 
thrown [s\open\src\hotspot\share\interpreter\linkResolver.cpp, line 773]
Event: 6.604 Thread 0x000001c2a9d97750 Exception <a 'java/lang/NoClassDefFoundError'{0x00000000a98deb98}: javax/enterprise/inject/Typed> (0x00000000a98deb98) 
thrown [s\open\src\hotspot\share\classfile\systemDictionary.cpp, line 301]
Event: 7.288 Thread 0x000001c2a9d97750 Exception <a 'java/lang/NoSuchMethodError'{0x00000000aa8c67b0}: 'void java.lang.invoke.DirectMethodHandle$Holder.invokeStaticInit(java.lang.Object, java.lang.Object, java.lang.Object)'> (0x00000000aa8c67b0) 
thrown [s\open\src\hotspot\share\interpreter\linkResolver.cpp, line 773]
Event: 7.293 Thread 0x000001c2a9d97750 Exception <a 'java/lang/ExceptionInInitializerError'{0x00000000aa8ef1e0}> (0x00000000aa8ef1e0) 
thrown [s\open\src\hotspot\share\oops\instanceKlass.cpp, line 1192]
Event: 7.315 Thread 0x000001c2a9d97750 Exception <a 'java/lang/NoSuchMethodError'{0x00000000aa7fb4a8}: 'long java.lang.invoke.DirectMethodHandle$Holder.invokeStatic(java.lang.Object, java.lang.Object, int)'> (0x00000000aa7fb4a8) 
thrown [s\open\src\hotspot\share\interpreter\linkResolver.cpp, line 773]
Event: 7.316 Thread 0x000001c2a9d97750 Exception <a 'java/lang/NoSuchMethodError'{0x00000000aa60e828}: 'java.lang.Object java.lang.invoke.DirectMethodHandle$Holder.invokeStatic(java.lang.Object, java.lang.Object, java.lang.Object, java.lang.Object, int)'> (0x00000000aa60e828) 
thrown [s\open\src\hotspot\share\interpreter\linkResolver.cpp, line 773]
Event: 7.316 Thread 0x000001c2a9d97750 Exception <a 'java/lang/NoSuchMethodError'{0x00000000aa616760}: 'java.lang.Object java.lang.invoke.DirectMethodHandle$Holder.invokeSpecial(java.lang.Object, java.lang.Object, java.lang.Object, java.lang.Object, long)'> (0x00000000aa616760) 
thrown [s\open\src\hotspot\share\interpreter\linkResolver.cpp, line 773]
Event: 7.318 Thread 0x000001c2a9d97750 Exception <a 'java/lang/NoSuchMethodError'{0x00000000aa622428}: 'java.lang.Object java.lang.invoke.DirectMethodHandle$Holder.invokeSpecial(java.lang.Object, java.lang.Object, java.lang.Object, int, java.lang.Object)'> (0x00000000aa622428) 
thrown [s\open\src\hotspot\share\interpreter\linkResolver.cpp, line 773]
Event: 7.318 Thread 0x000001c2a9d97750 Exception <a 'java/lang/NoSuchMethodError'{0x00000000aa62a568}: 'int java.lang.invoke.DirectMethodHandle$Holder.invokeSpecial(java.lang.Object, java.lang.Object, java.lang.Object, int)'> (0x00000000aa62a568) 
thrown [s\open\src\hotspot\share\interpreter\linkResolver.cpp, line 773]
Event: 7.322 Thread 0x000001c2a9d97750 Implicit null exception at 0x000001c2bc17e65a to 0x000001c2bc17e854
Event: 7.324 Thread 0x000001c2a9d97750 Exception <a 'java/lang/NoSuchMethodError'{0x00000000aa64eb98}: 'java.lang.Object java.lang.invoke.Invokers$Holder.invokeExact_MT(java.lang.Object, int, java.lang.Object)'> (0x00000000aa64eb98) 
thrown [s\open\src\hotspot\share\interpreter\linkResolver.cpp, line 773]
Event: 7.498 Thread 0x000001c2a9d97750 Exception <a 'java/lang/NoSuchMethodError'{0x00000000a9e2ed70}: 'void java.lang.invoke.Invokers$Holder.invokeExact_MT(java.lang.Object, java.lang.Object, java.lang.Object, java.lang.Object)'> (0x00000000a9e2ed70) 
thrown [s\open\src\hotspot\share\interpreter\linkResolver.cpp, line 773]
Event: 7.517 Thread 0x000001c2a9d97750 Exception <a 'java/lang/NoClassDefFoundError'{0x00000000a9eb9478}: com/google/inject/servlet/ServletModuleTargetVisitor> (0x00000000a9eb9478) 
thrown [s\open\src\hotspot\share\classfile\systemDictionary.cpp, line 301]
Event: 7.567 Thread 0x000001c2a9d97750 Exception <a 'java/lang/NoSuchMethodError'{0x00000000a9c786c8}: 'void java.lang.invoke.DirectMethodHandle$Holder.invokeVirtual(java.lang.Object, java.lang.Object)'> (0x00000000a9c786c8) 
thrown [s\open\src\hotspot\share\interpreter\linkResolver.cpp, line 773]
Event: 7.609 Thread 0x000001c2a9d97750 Exception <a 'java/lang/NoSuchMethodError'{0x00000000a9cf7c00}: 'java.lang.Object java.lang.invoke.DirectMethodHandle$Holder.invokeStaticInit(java.lang.Object, int, int, int, int)'> (0x00000000a9cf7c00) 
thrown [s\open\src\hotspot\share\interpreter\linkResolver.cpp, line 773]

ZGC Phase Switch (0 events):
No events

VM Operations (20 events):
Event: 7.298 Executing VM operation: HandshakeAllThreads (Deoptimize) done
Event: 7.357 Executing VM operation: HandshakeAllThreads (Deoptimize)
Event: 7.357 Executing VM operation: HandshakeAllThreads (Deoptimize) done
Event: 7.359 Executing VM operation: HandshakeAllThreads (Deoptimize)
Event: 7.359 Executing VM operation: HandshakeAllThreads (Deoptimize) done
Event: 7.403 Executing VM operation: HandshakeAllThreads (Deoptimize)
Event: 7.403 Executing VM operation: HandshakeAllThreads (Deoptimize) done
Event: 7.494 Executing VM operation: HandshakeAllThreads (Deoptimize)
Event: 7.494 Executing VM operation: HandshakeAllThreads (Deoptimize) done
Event: 7.521 Executing VM operation: ICBufferFull
Event: 7.521 Executing VM operation: ICBufferFull done
Event: 7.578 Executing VM operation: HandshakeAllThreads (Deoptimize)
Event: 7.578 Executing VM operation: HandshakeAllThreads (Deoptimize) done
Event: 7.620 Executing VM operation: HandshakeAllThreads (Deoptimize)
Event: 7.620 Executing VM operation: HandshakeAllThreads (Deoptimize) done
Event: 7.646 Executing VM operation: HandshakeAllThreads (Deoptimize)
Event: 7.646 Executing VM operation: HandshakeAllThreads (Deoptimize) done
Event: 7.688 Executing VM operation: HandshakeAllThreads (Deoptimize)
Event: 7.688 Executing VM operation: HandshakeAllThreads (Deoptimize) done
Event: 8.688 Executing VM operation: Cleanup

Events (15 events):
Event: 0.025 Thread 0x000001c2a9d97750 Thread added: 0x000001c2a9d97750
Event: 0.047 Thread 0x000001c2c84196b0 Thread added: 0x000001c2c84196b0
Event: 0.047 Thread 0x000001c2c841b020 Thread added: 0x000001c2c841b020
Event: 0.047 Thread 0x000001c2c8422db0 Thread added: 0x000001c2c8422db0
Event: 0.047 Thread 0x000001c2c8423c90 Thread added: 0x000001c2c8423c90
Event: 0.048 Thread 0x000001c2c8425530 Thread added: 0x000001c2c8425530
Event: 0.048 Thread 0x000001c2c842adf0 Thread added: 0x000001c2c842adf0
Event: 0.048 Thread 0x000001c2c8446610 Thread added: 0x000001c2c8446610
Event: 0.048 Thread 0x000001c2c8467310 Thread added: 0x000001c2c8467310
Event: 0.063 Thread 0x000001c2c86a6ec0 Thread added: 0x000001c2c86a6ec0
Event: 0.067 Thread 0x000001c2c86afb20 Thread added: 0x000001c2c86afb20
Event: 5.322 Thread 0x000001c2c87fcd70 Thread added: 0x000001c2c87fcd70
Event: 5.334 Thread 0x000001c2c87fcd70 Thread exited: 0x000001c2c87fcd70
Event: 6.274 Thread 0x000001c2c87774d0 Thread added: 0x000001c2c87774d0
Event: 7.662 Thread 0x000001c30e9a08a0 Thread added: 0x000001c30e9a08a0


Dynamic libraries:
0x00007ff7b6440000 - 0x00007ff7b6450000 	C:\Program Files\Java\jdk-21\bin\java.exe
0x00007ffb5a4c0000 - 0x00007ffb5a725000 	C:\WINDOWS\SYSTEM32\ntdll.dll
0x00007ffb59420000 - 0x00007ffb594e9000 	C:\WINDOWS\System32\KERNEL32.DLL
0x00007ffb57700000 - 0x00007ffb57ae8000 	C:\WINDOWS\System32\KERNELBASE.dll
0x00007ffb57b80000 - 0x00007ffb57ccb000 	C:\WINDOWS\System32\ucrtbase.dll
0x00007ffb14340000 - 0x00007ffb14359000 	C:\Program Files\Java\jdk-21\bin\jli.dll
0x00007ffb58260000 - 0x00007ffb58313000 	C:\WINDOWS\System32\ADVAPI32.dll
0x00007ffb10e90000 - 0x00007ffb10eab000 	C:\Program Files\Java\jdk-21\bin\VCRUNTIME140.dll
0x00007ffb58ee0000 - 0x00007ffb58f89000 	C:\WINDOWS\System32\msvcrt.dll
0x00007ffb586d0000 - 0x00007ffb58776000 	C:\WINDOWS\System32\sechost.dll
0x00007ffb585b0000 - 0x00007ffb586c5000 	C:\WINDOWS\System32\RPCRT4.dll
0x00007ffb59e60000 - 0x00007ffb5a02a000 	C:\WINDOWS\System32\USER32.dll
0x00007ffb57610000 - 0x00007ffb57637000 	C:\WINDOWS\System32\win32u.dll
0x00007ffb2e7a0000 - 0x00007ffb2ea3a000 	C:\WINDOWS\WinSxS\amd64_microsoft.windows.common-controls_6595b64144ccf1df_6.0.26100.4202_none_3e0698d4e335f517\COMCTL32.dll
0x00007ffb5a3d0000 - 0x00007ffb5a3fb000 	C:\WINDOWS\System32\GDI32.dll
0x00007ffb58120000 - 0x00007ffb58257000 	C:\WINDOWS\System32\gdi32full.dll
0x00007ffb57ef0000 - 0x00007ffb57f93000 	C:\WINDOWS\System32\msvcp_win.dll
0x00007ffb50440000 - 0x00007ffb5044b000 	C:\WINDOWS\SYSTEM32\VERSION.dll
0x00007ffb5a1e0000 - 0x00007ffb5a210000 	C:\WINDOWS\System32\IMM32.DLL
0x00007ffb49f20000 - 0x00007ffb49f2c000 	C:\Program Files\Java\jdk-21\bin\vcruntime140_1.dll
0x00007ffb02fa0000 - 0x00007ffb0302e000 	C:\Program Files\Java\jdk-21\bin\msvcp140.dll
0x00007ffa6be00000 - 0x00007ffa6cb1a000 	C:\Program Files\Java\jdk-21\bin\server\jvm.dll
0x00007ffb59850000 - 0x00007ffb598c4000 	C:\WINDOWS\System32\WS2_32.dll
0x00007ffb57460000 - 0x00007ffb574be000 	C:\WINDOWS\SYSTEM32\POWRPROF.dll
0x00007ffb45e60000 - 0x00007ffb45e95000 	C:\WINDOWS\SYSTEM32\WINMM.dll
0x00007ffb57440000 - 0x00007ffb57454000 	C:\WINDOWS\SYSTEM32\UMPDC.dll
0x00007ffb563d0000 - 0x00007ffb563eb000 	C:\WINDOWS\SYSTEM32\kernel.appcore.dll
0x00007ffb1da40000 - 0x00007ffb1da4a000 	C:\Program Files\Java\jdk-21\bin\jimage.dll
0x00007ffb54ca0000 - 0x00007ffb54ee1000 	C:\WINDOWS\SYSTEM32\DBGHELP.DLL
0x00007ffb598d0000 - 0x00007ffb59c55000 	C:\WINDOWS\System32\combase.dll
0x00007ffb58320000 - 0x00007ffb58401000 	C:\WINDOWS\System32\OLEAUT32.dll
0x00007ffb38fa0000 - 0x00007ffb38fd9000 	C:\WINDOWS\SYSTEM32\dbgcore.DLL
0x00007ffb57cd0000 - 0x00007ffb57d69000 	C:\WINDOWS\System32\bcryptPrimitives.dll
0x00007ffb10cf0000 - 0x00007ffb10d0f000 	C:\Program Files\Java\jdk-21\bin\java.dll
0x00007ffb58790000 - 0x00007ffb58ed2000 	C:\WINDOWS\System32\SHELL32.dll
0x00007ffb57d70000 - 0x00007ffb57ee4000 	C:\WINDOWS\System32\wintypes.dll
0x00007ffb55290000 - 0x00007ffb55ae8000 	C:\WINDOWS\SYSTEM32\windows.storage.dll
0x00007ffb59d30000 - 0x00007ffb59e21000 	C:\WINDOWS\System32\SHCORE.dll
0x00007ffb596e0000 - 0x00007ffb5974a000 	C:\WINDOWS\System32\shlwapi.dll
0x00007ffb57520000 - 0x00007ffb5754f000 	C:\WINDOWS\SYSTEM32\profapi.dll
0x00007ffaf65b0000 - 0x00007ffaf6687000 	C:\Program Files\Java\jdk-21\bin\jsvml.dll
0x00007ffb1d6f0000 - 0x00007ffb1d700000 	C:\Program Files\Java\jdk-21\bin\net.dll
0x00007ffb50a20000 - 0x00007ffb50b3e000 	C:\WINDOWS\SYSTEM32\WINHTTP.dll
0x00007ffb56940000 - 0x00007ffb569aa000 	C:\WINDOWS\system32\mswsock.dll
0x00007ffb10be0000 - 0x00007ffb10bf6000 	C:\Program Files\Java\jdk-21\bin\nio.dll
0x00007ffb0fe20000 - 0x00007ffb0fe38000 	C:\Program Files\Java\jdk-21\bin\zip.dll
0x00007ffb0edf0000 - 0x00007ffb0ee14000 	D:\apache-maven-3.9.9-bin\apache-maven-3.9.9\lib\jansi-native\Windows\x86_64\jansi.dll
0x00007ffb16310000 - 0x00007ffb16320000 	C:\Program Files\Java\jdk-21\bin\verify.dll

dbghelp: loaded successfully - version: 4.0.5 - missing functions: none
symbol engine: initialized successfully - sym options: 0x614 - pdb path: .;C:\Program Files\Java\jdk-21\bin;C:\WINDOWS\SYSTEM32;C:\WINDOWS\WinSxS\amd64_microsoft.windows.common-controls_6595b64144ccf1df_6.0.26100.4202_none_3e0698d4e335f517;C:\Program Files\Java\jdk-21\bin\server;D:\apache-maven-3.9.9-bin\apache-maven-3.9.9\lib\jansi-native\Windows\x86_64

VM Arguments:
jvm_args: -Dclassworlds.conf=D:\apache-maven-3.9.9-bin\apache-maven-3.9.9\bin\m2.conf -Dmaven.home=D:\apache-maven-3.9.9-bin\apache-maven-3.9.9 -Dlibrary.jansi.path=D:\apache-maven-3.9.9-bin\apache-maven-3.9.9\lib\jansi-native -Dmaven.multiModuleProjectDirectory=C:\Users\PC\Documents\workspace-spring-tool-suite-4-4.27.0.RELEASE\demo-2 
java_command: org.codehaus.plexus.classworlds.launcher.Launcher clean package
java_class_path (initial): D:\apache-maven-3.9.9-bin\apache-maven-3.9.9\boot\plexus-classworlds-2.8.0.jar
Launcher Type: SUN_STANDARD

[Global flags]
     intx CICompilerCount                          = 4                                         {product} {ergonomic}
     uint ConcGCThreads                            = 3                                         {product} {ergonomic}
     uint G1ConcRefinementThreads                  = 10                                        {product} {ergonomic}
   size_t G1HeapRegionSize                         = 1048576                                   {product} {ergonomic}
    uintx GCDrainStackTargetSize                   = 64                                        {product} {ergonomic}
   size_t InitialHeapSize                          = 96468992                                  {product} {ergonomic}
   size_t MarkStackSize                            = 4194304                                   {product} {ergonomic}
   size_t MaxHeapSize                              = 1528823808                                {product} {ergonomic}
   size_t MaxNewSize                               = 916455424                                 {product} {ergonomic}
   size_t MinHeapDeltaBytes                        = 1048576                                   {product} {ergonomic}
   size_t MinHeapSize                              = 8388608                                   {product} {ergonomic}
    uintx NonNMethodCodeHeapSize                   = 5839372                                {pd product} {ergonomic}
    uintx NonProfiledCodeHeapSize                  = 122909434                              {pd product} {ergonomic}
    uintx ProfiledCodeHeapSize                     = 122909434                              {pd product} {ergonomic}
    uintx ReservedCodeCacheSize                    = 251658240                              {pd product} {ergonomic}
     bool SegmentedCodeCache                       = true                                      {product} {ergonomic}
   size_t SoftMaxHeapSize                          = 1528823808                             {manageable} {ergonomic}
     bool UseCompressedOops                        = true                           {product lp64_product} {ergonomic}
     bool UseG1GC                                  = true                                      {product} {ergonomic}
     bool UseLargePagesIndividualAllocation        = false                                  {pd product} {ergonomic}

Logging:
Log output configuration:
 #0: stdout all=warning uptime,level,tags foldmultilines=false
 #1: stderr all=off uptime,level,tags foldmultilines=false

Environment Variables:
PATH=C:\Program Files\Microsoft MPI\Bin\;C:\Program Files\Common Files\Oracle\Java\javapath;C:\Program Files (x86)\Common Files\Intel\Shared Libraries\redist\intel64\compiler;C:\Windows\system32;C:\Windows;C:\Windows\System32\Wbem;C:\Windows\System32\WindowsPowerShell\v1.0\;C:\Windows\System32\OpenSSH\;C:\Program Files\NVIDIA Corporation\NVIDIA NvDLISR;C:\WINDOWS\system32;C:\WINDOWS;C:\WINDOWS\System32\Wbem;C:\WINDOWS\System32\WindowsPowerShell\v1.0\;C:\WINDOWS\System32\OpenSSH\;C:\Program Files (x86)\Windows Kits\10\Windows Performance Toolkit\;C:\Program Files\dotnet\;C:\MinGW\bin;C:\Program Files (x86)\Microsoft SQL Server\160\Tools\Binn\;C:\Program Files\Microsoft SQL Server\160\Tools\Binn\;C:\Program Files\Microsoft SQL Server\Client SDK\ODBC\170\Tools\Binn\;C:\Program Files\Microsoft SQL Server\160\DTS\Binn\;C:\Program Files (x86)\Microsoft SQL Server\160\DTS\Binn\;D:\node.js\;D:\Git\cmd;D:\d8\;C:\Users\PC\AppData\Local\Microsoft\WindowsApps;C:\Users\PC\AppData\Local\Programs\Microsoft VS Code\bin;C:\Users\PC\.dotnet\tools;C:\Users\PC\AppData\Roaming\npm;D:\apache-maven-3.9.9-bin\apache-maven-3.9.9\bin;
USERNAME=PC
LANG=en_US.UTF-8
OS=Windows_NT
PROCESSOR_IDENTIFIER=AMD64 Family 25 Model 68 Stepping 1, AuthenticAMD
TMP=C:\Users\PC\AppData\Local\Temp
TEMP=C:\Users\PC\AppData\Local\Temp




Periodic native trim disabled

---------------  S Y S T E M  ---------------

OS:
 Windows 11 , 64 bit Build 26100 (10.0.26100.4202)
OS uptime: 0 days 9:05 hours

CPU: total 12 (initial active 12) (12 cores per cpu, 2 threads per core) family 25 model 68 stepping 1 microcode 0xa404101, cx8, cmov, fxsr, ht, mmx, 3dnowpref, sse, sse2, sse3, ssse3, sse4a, sse4.1, sse4.2, popcnt, lzcnt, tsc, tscinvbit, avx, avx2, aes, clmul, bmi1, bmi2, adx, sha, fma, vzeroupper, clflush, clflushopt, rdtscp, rdpid, f16c, pku, cet_ss
Processor Information for processor 0
  Max Mhz: 3301, Current Mhz: 2008, Mhz Limit: 3301
Processor Information for processor 1
  Max Mhz: 3301, Current Mhz: 3301, Mhz Limit: 3301
Processor Information for processor 2
  Max Mhz: 3301, Current Mhz: 3301, Mhz Limit: 3301
Processor Information for processor 3
  Max Mhz: 3301, Current Mhz: 2008, Mhz Limit: 3301
Processor Information for processor 4
  Max Mhz: 3301, Current Mhz: 3301, Mhz Limit: 3301
Processor Information for processor 5
  Max Mhz: 3301, Current Mhz: 2008, Mhz Limit: 3301
Processor Information for processor 6
  Max Mhz: 3301, Current Mhz: 3301, Mhz Limit: 3301
Processor Information for processor 7
  Max Mhz: 3301, Current Mhz: 3301, Mhz Limit: 3301
Processor Information for processor 8
  Max Mhz: 3301, Current Mhz: 2008, Mhz Limit: 3301
Processor Information for processor 9
  Max Mhz: 3301, Current Mhz: 2008, Mhz Limit: 3301
Processor Information for processor 10
  Max Mhz: 3301, Current Mhz: 2008, Mhz Limit: 3301
Processor Information for processor 11
  Max Mhz: 3301, Current Mhz: 2008, Mhz Limit: 3301

Memory: 4k page, system-wide physical 5829M (424M free)
TotalPageFile size 24261M (AvailPageFile size 4M)
current process WorkingSet (physical memory assigned to process): 119M, peak: 119M
current process commit charge ("private bytes"): 215M, peak: 215M

vm_info: Java HotSpot(TM) 64-Bit Server VM (21.0.7+8-LTS-245) for windows-amd64 JRE (21.0.7+8-LTS-245), built on 2025-02-21T05:11:27Z by "mach5one" with MS VC++ 17.6 (VS2022)

END.
