#
# There is insufficient memory for the Java Runtime Environment to continue.
# Native memory allocation (mmap) failed to map 96468992 bytes for G1 virtual space
# Possible reasons:
#   The system is out of physical RAM or swap space
#   The process is running with CompressedOops enabled, and the Java Heap may be blocking the growth of the native heap
# Possible solutions:
#   Reduce memory load on the system
#   Increase physical memory or swap space
#   Check if swap backing store is full
#   Decrease Java heap size (-Xmx/-Xms)
#   Decrease number of Java threads
#   Decrease Java thread stack sizes (-Xss)
#   Set larger code cache with -XX:ReservedCodeCacheSize=
#   JVM is running with Unscaled Compressed Oops mode in which the Java heap is
#     placed in the first 4GB address space. The Java Heap base address is the
#     maximum limit for the native heap growth. Please use -XX:HeapBaseMinAddress
#     to set the Java Heap base and to place the Java Heap above 4GB virtual address.
# This output file may be truncated or incomplete.
#
#  Out of Memory Error (os_windows.cpp:3603), pid=9408, tid=10424
#
# JRE version:  (21.0.7+8) (build )
# Java VM: Java HotSpot(TM) 64-Bit Server VM (21.0.7+8-LTS-245, mixed mode, sharing, tiered, compressed oops, compressed class ptrs, g1 gc, windows-amd64)
# No core dump will be written. Minidumps are not enabled by default on client versions of Windows
#

---------------  S U M M A R Y ------------

Command Line: 

Host: AMD Ryzen 5 6600H with Radeon Graphics         , 12 cores, 5G,  Windows 11 , 64 bit Build 26100 (10.0.26100.4202)
Time: Wed Jun 25 22:24:24 2025 SE Asia Standard Time elapsed time: 1.052861 seconds (0d 0h 0m 1s)

---------------  T H R E A D  ---------------

Current thread (0x000001e5c60a49b0):  JavaThread "Unknown thread" [_thread_in_vm, id=10424, stack(0x0000000835900000,0x0000000835a00000) (1024K)]

Stack: [0x0000000835900000,0x0000000835a00000]
Native frames: (J=compiled Java code, j=interpreted, Vv=VM code, C=native code)
V  [jvm.dll+0x6cae19]
V  [jvm.dll+0x855741]
V  [jvm.dll+0x857c6e]
V  [jvm.dll+0x858343]
V  [jvm.dll+0x27e0b6]
V  [jvm.dll+0x6c7595]
V  [jvm.dll+0x6bc0fa]
V  [jvm.dll+0x353eaa]
V  [jvm.dll+0x35bb26]
V  [jvm.dll+0x3ae52e]
V  [jvm.dll+0x3ae7d8]
V  [jvm.dll+0x3281bc]
V  [jvm.dll+0x328d1b]
V  [jvm.dll+0x81eaf9]
V  [jvm.dll+0x3bb211]
V  [jvm.dll+0x807d78]
V  [jvm.dll+0x4503ee]
V  [jvm.dll+0x451fe1]
C  [jli.dll+0x52a3]
C  [ucrtbase.dll+0x37b0]
C  [KERNEL32.DLL+0x2e8d7]
C  [ntdll.dll+0x3c34c]


---------------  P R O C E S S  ---------------

Threads class SMR info:
_java_thread_list=0x00007ffa6c9ccc48, length=0, elements={
}

Java Threads: ( => current thread )
Total: 0

Other Threads:
  0x000001e5c7bca410 WorkerThread "GC Thread#0"                     [id=31484, stack(0x0000000835a00000,0x0000000835b00000) (1024K)]
  0x000001e5c7bd7240 ConcurrentGCThread "G1 Main Marker"            [id=28624, stack(0x0000000835b00000,0x0000000835c00000) (1024K)]
  0x000001e5c7bd9a70 WorkerThread "G1 Conc#0"                       [id=25656, stack(0x0000000835c00000,0x0000000835d00000) (1024K)]

[error occurred during error reporting (printing all threads), id 0xc0000005, EXCEPTION_ACCESS_VIOLATION (0xc0000005) at pc=0x00007ffa6c13a947]
VM state: not at safepoint (not fully initialized)

VM Mutex/Monitor currently owned by a thread:  ([mutex/lock_event])
[0x00007ffa6ca3df50] Heap_lock - owner thread: 0x000001e5c60a49b0

Heap address: 0x00000000a4e00000, size: 1458 MB, Compressed Oops mode: 32-bit

CDS archive(s) mapped at: [0x0000000000000000-0x0000000000000000-0x0000000000000000), size 0, SharedBaseAddress: 0x0000000800000000, ArchiveRelocationMode: 1.
Narrow klass base: 0x0000000000000000, Narrow klass shift: 0, Narrow klass range: 0x0

GC Precious Log:
 CardTable entry size: 512
 Card Set container configuration: InlinePtr #cards 5 size 8 Array Of Cards #cards 12 size 40 Howl #buckets 4 coarsen threshold 1843 Howl Bitmap #cards 512 size 80 coarsen threshold 460 Card regions per heap region 1 cards per card region 2048

Heap:
 garbage-first heap   total 0K, used 0K [0x00000000a4e00000, 0x0000000100000000)
  region size 1024K, 0 young (0K), 0 survivors (0K)

[error occurred during error reporting (printing heap information), id 0xc0000005, EXCEPTION_ACCESS_VIOLATION (0xc0000005) at pc=0x00007ffa6c523e79]
GC Heap History (0 events):
No events

Dll operation events (1 events):
Event: 0.008 Loaded shared library C:\Program Files\Java\jdk-21\bin\java.dll

Deoptimization events (0 events):
No events

Classes loaded (0 events):
No events

Classes unloaded (0 events):
No events

Classes redefined (0 events):
No events

Internal exceptions (0 events):
No events

ZGC Phase Switch (0 events):
No events

VM Operations (0 events):
No events

Events (0 events):
No events


Dynamic libraries:
0x00007ff7f3250000 - 0x00007ff7f3260000 	C:\Program Files\Java\jdk-21\bin\java.exe
0x00007ffb5a4c0000 - 0x00007ffb5a725000 	C:\WINDOWS\SYSTEM32\ntdll.dll
0x00007ffb59420000 - 0x00007ffb594e9000 	C:\WINDOWS\System32\KERNEL32.DLL
0x00007ffb57700000 - 0x00007ffb57ae8000 	C:\WINDOWS\System32\KERNELBASE.dll
0x00007ffb57b80000 - 0x00007ffb57ccb000 	C:\WINDOWS\System32\ucrtbase.dll
0x00007ffb52060000 - 0x00007ffb5207b000 	C:\Program Files\Java\jdk-21\bin\VCRUNTIME140.dll
0x00007ffb52040000 - 0x00007ffb52059000 	C:\Program Files\Java\jdk-21\bin\jli.dll
0x00007ffb58260000 - 0x00007ffb58313000 	C:\WINDOWS\System32\ADVAPI32.dll
0x00007ffb58ee0000 - 0x00007ffb58f89000 	C:\WINDOWS\System32\msvcrt.dll
0x00007ffb586d0000 - 0x00007ffb58776000 	C:\WINDOWS\System32\sechost.dll
0x00007ffb585b0000 - 0x00007ffb586c5000 	C:\WINDOWS\System32\RPCRT4.dll
0x00007ffb59e60000 - 0x00007ffb5a02a000 	C:\WINDOWS\System32\USER32.dll
0x00007ffb57610000 - 0x00007ffb57637000 	C:\WINDOWS\System32\win32u.dll
0x00007ffb2e7a0000 - 0x00007ffb2ea3a000 	C:\WINDOWS\WinSxS\amd64_microsoft.windows.common-controls_6595b64144ccf1df_6.0.26100.4202_none_3e0698d4e335f517\COMCTL32.dll
0x00007ffb5a3d0000 - 0x00007ffb5a3fb000 	C:\WINDOWS\System32\GDI32.dll
0x00007ffb58120000 - 0x00007ffb58257000 	C:\WINDOWS\System32\gdi32full.dll
0x00007ffb57ef0000 - 0x00007ffb57f93000 	C:\WINDOWS\System32\msvcp_win.dll
0x00007ffb50440000 - 0x00007ffb5044b000 	C:\WINDOWS\SYSTEM32\VERSION.dll
0x00007ffb5a1e0000 - 0x00007ffb5a210000 	C:\WINDOWS\System32\IMM32.DLL
0x00007ffb52030000 - 0x00007ffb5203c000 	C:\Program Files\Java\jdk-21\bin\vcruntime140_1.dll
0x00007ffb08520000 - 0x00007ffb085ae000 	C:\Program Files\Java\jdk-21\bin\msvcp140.dll
0x00007ffa6be00000 - 0x00007ffa6cb1a000 	C:\Program Files\Java\jdk-21\bin\server\jvm.dll
0x00007ffb59850000 - 0x00007ffb598c4000 	C:\WINDOWS\System32\WS2_32.dll
0x00007ffb57460000 - 0x00007ffb574be000 	C:\WINDOWS\SYSTEM32\POWRPROF.dll
0x00007ffb45e60000 - 0x00007ffb45e95000 	C:\WINDOWS\SYSTEM32\WINMM.dll
0x00007ffb57440000 - 0x00007ffb57454000 	C:\WINDOWS\SYSTEM32\UMPDC.dll
0x00007ffb563d0000 - 0x00007ffb563eb000 	C:\WINDOWS\SYSTEM32\kernel.appcore.dll
0x00007ffb4fbc0000 - 0x00007ffb4fbca000 	C:\Program Files\Java\jdk-21\bin\jimage.dll
0x00007ffb54ca0000 - 0x00007ffb54ee1000 	C:\WINDOWS\SYSTEM32\DBGHELP.DLL
0x00007ffb598d0000 - 0x00007ffb59c55000 	C:\WINDOWS\System32\combase.dll
0x00007ffb58320000 - 0x00007ffb58401000 	C:\WINDOWS\System32\OLEAUT32.dll
0x00007ffb38fa0000 - 0x00007ffb38fd9000 	C:\WINDOWS\SYSTEM32\dbgcore.DLL
0x00007ffb57cd0000 - 0x00007ffb57d69000 	C:\WINDOWS\System32\bcryptPrimitives.dll
0x00007ffb4fba0000 - 0x00007ffb4fbbf000 	C:\Program Files\Java\jdk-21\bin\java.dll

dbghelp: loaded successfully - version: 4.0.5 - missing functions: none
symbol engine: initialized successfully - sym options: 0x614 - pdb path: .;C:\Program Files\Java\jdk-21\bin;C:\WINDOWS\SYSTEM32;C:\WINDOWS\WinSxS\amd64_microsoft.windows.common-controls_6595b64144ccf1df_6.0.26100.4202_none_3e0698d4e335f517;C:\Program Files\Java\jdk-21\bin\server

VM Arguments:
java_command: <unknown>
java_class_path (initial): <not set>
Launcher Type: SUN_STANDARD

[Global flags]
     intx CICompilerCount                          = 4                                         {product} {ergonomic}
     uint ConcGCThreads                            = 3                                         {product} {ergonomic}
     uint G1ConcRefinementThreads                  = 10                                        {product} {ergonomic}
   size_t G1HeapRegionSize                         = 1048576                                   {product} {ergonomic}
    uintx GCDrainStackTargetSize                   = 64                                        {product} {ergonomic}
   size_t InitialHeapSize                          = 96468992                                  {product} {ergonomic}
   size_t MarkStackSize                            = 4194304                                   {product} {ergonomic}
   size_t MaxHeapSize                              = 1528823808                                {product} {ergonomic}
   size_t MinHeapDeltaBytes                        = 1048576                                   {product} {ergonomic}
   size_t MinHeapSize                              = 8388608                                   {product} {ergonomic}
    uintx NonNMethodCodeHeapSize                   = 5839372                                {pd product} {ergonomic}
    uintx NonProfiledCodeHeapSize                  = 122909434                              {pd product} {ergonomic}
    uintx ProfiledCodeHeapSize                     = 122909434                              {pd product} {ergonomic}
    uintx ReservedCodeCacheSize                    = 251658240                              {pd product} {ergonomic}
     bool SegmentedCodeCache                       = true                                      {product} {ergonomic}
   size_t SoftMaxHeapSize                          = 1528823808                             {manageable} {ergonomic}
     bool UseCompressedOops                        = true                           {product lp64_product} {ergonomic}
     bool UseG1GC                                  = true                                      {product} {ergonomic}
     bool UseLargePagesIndividualAllocation        = false                                  {pd product} {ergonomic}

Logging:
Log output configuration:
 #0: stdout all=warning uptime,level,tags foldmultilines=false
 #1: stderr all=off uptime,level,tags foldmultilines=false

Environment Variables:
PATH=C:\Program Files\Microsoft MPI\Bin\;C:\Program Files\Common Files\Oracle\Java\javapath;C:\Program Files (x86)\Common Files\Intel\Shared Libraries\redist\intel64\compiler;C:\Windows\system32;C:\Windows;C:\Windows\System32\Wbem;C:\Windows\System32\WindowsPowerShell\v1.0\;C:\Windows\System32\OpenSSH\;C:\Program Files\NVIDIA Corporation\NVIDIA NvDLISR;C:\WINDOWS\system32;C:\WINDOWS;C:\WINDOWS\System32\Wbem;C:\WINDOWS\System32\WindowsPowerShell\v1.0\;C:\WINDOWS\System32\OpenSSH\;C:\Program Files (x86)\Windows Kits\10\Windows Performance Toolkit\;C:\Program Files\dotnet\;C:\MinGW\bin;C:\Program Files (x86)\Microsoft SQL Server\160\Tools\Binn\;C:\Program Files\Microsoft SQL Server\160\Tools\Binn\;C:\Program Files\Microsoft SQL Server\Client SDK\ODBC\170\Tools\Binn\;C:\Program Files\Microsoft SQL Server\160\DTS\Binn\;C:\Program Files (x86)\Microsoft SQL Server\160\DTS\Binn\;D:\node.js\;D:\Git\cmd;D:\d8\;C:\Users\PC\AppData\Local\Microsoft\WindowsApps;C:\Users\PC\AppData\Local\Programs\Microsoft VS Code\bin;C:\Users\PC\.dotnet\tools;C:\Users\PC\AppData\Roaming\npm;D:\apache-maven-3.9.9-bin\apache-maven-3.9.9\bin;
USERNAME=PC
LANG=en_US.UTF-8
OS=Windows_NT
PROCESSOR_IDENTIFIER=AMD64 Family 25 Model 68 Stepping 1, AuthenticAMD
TMP=C:\Users\PC\AppData\Local\Temp
TEMP=C:\Users\PC\AppData\Local\Temp




Periodic native trim disabled

---------------  S Y S T E M  ---------------

OS:
 Windows 11 , 64 bit Build 26100 (10.0.26100.4202)
OS uptime: 0 days 9:07 hours

CPU: total 12 (initial active 12) (12 cores per cpu, 2 threads per core) family 25 model 68 stepping 1 microcode 0xa404101, cx8, cmov, fxsr, ht, mmx, 3dnowpref, sse, sse2, sse3, ssse3, sse4a, sse4.1, sse4.2, popcnt, lzcnt, tsc, tscinvbit, avx, avx2, aes, clmul, bmi1, bmi2, adx, sha, fma, vzeroupper, clflush, clflushopt, rdtscp, rdpid, f16c, pku, cet_ss
Processor Information for processor 0
  Max Mhz: 3301, Current Mhz: 3301, Mhz Limit: 3301
Processor Information for processor 1
  Max Mhz: 3301, Current Mhz: 2008, Mhz Limit: 3301
Processor Information for processor 2
  Max Mhz: 3301, Current Mhz: 3301, Mhz Limit: 3301
Processor Information for processor 3
  Max Mhz: 3301, Current Mhz: 3301, Mhz Limit: 3301
Processor Information for processor 4
  Max Mhz: 3301, Current Mhz: 3301, Mhz Limit: 3301
Processor Information for processor 5
  Max Mhz: 3301, Current Mhz: 3301, Mhz Limit: 3301
Processor Information for processor 6
  Max Mhz: 3301, Current Mhz: 2008, Mhz Limit: 3301
Processor Information for processor 7
  Max Mhz: 3301, Current Mhz: 3301, Mhz Limit: 3301
Processor Information for processor 8
  Max Mhz: 3301, Current Mhz: 3301, Mhz Limit: 3301
Processor Information for processor 9
  Max Mhz: 3301, Current Mhz: 3301, Mhz Limit: 3301
Processor Information for processor 10
  Max Mhz: 3301, Current Mhz: 2008, Mhz Limit: 3301
Processor Information for processor 11
  Max Mhz: 3301, Current Mhz: 2008, Mhz Limit: 3301

Memory: 4k page, system-wide physical 5829M (385M free)
TotalPageFile size 24261M (AvailPageFile size 69M)
current process WorkingSet (physical memory assigned to process): 12M, peak: 12M
current process commit charge ("private bytes"): 64M, peak: 156M

vm_info: Java HotSpot(TM) 64-Bit Server VM (21.0.7+8-LTS-245) for windows-amd64 JRE (21.0.7+8-LTS-245), built on 2025-02-21T05:11:27Z by "mach5one" with MS VC++ 17.6 (VS2022)

END.
