#
# There is insufficient memory for the Java Runtime Environment to continue.
# Native memory allocation (mmap) failed to map 67108864 bytes for G1 virtual space
# Possible reasons:
#   The system is out of physical RAM or swap space
#   The process is running with CompressedOops enabled, and the Java Heap may be blocking the growth of the native heap
# Possible solutions:
#   Reduce memory load on the system
#   Increase physical memory or swap space
#   Check if swap backing store is full
#   Decrease Java heap size (-Xmx/-Xms)
#   Decrease number of Java threads
#   Decrease Java thread stack sizes (-Xss)
#   Set larger code cache with -XX:ReservedCodeCacheSize=
#   JVM is running with Unscaled Compressed Oops mode in which the Java heap is
#     placed in the first 4GB address space. The Java Heap base address is the
#     maximum limit for the native heap growth. Please use -XX:HeapBaseMinAddress
#     to set the Java Heap base and to place the Java Heap above 4GB virtual address.
# This output file may be truncated or incomplete.
#
#  Out of Memory Error (os_windows.cpp:3603), pid=35064, tid=13108
#
# JRE version:  (21.0.7+8) (build )
# Java VM: Java HotSpot(TM) 64-Bit Server VM (21.0.7+8-LTS-245, mixed mode, sharing, tiered, compressed oops, compressed class ptrs, g1 gc, windows-amd64)
# No core dump will be written. Minidumps are not enabled by default on client versions of Windows
#

---------------  S U M M A R Y ------------

Command Line: -Xmx64m -Xms64m -Dorg.gradle.appname=gradlew C:\Users\PC\Documents\workspace-spring-tool-suite-4-4.27.0.RELEASE\demo-2\\gradle\wrapper\gradle-wrapper.jar clean

Host: AMD Ryzen 5 6600H with Radeon Graphics         , 12 cores, 5G,  Windows 11 , 64 bit Build 26100 (10.0.26100.4202)
Time: Sat Jun 28 23:40:28 2025 SE Asia Standard Time elapsed time: 3.063546 seconds (0d 0h 0m 3s)

---------------  T H R E A D  ---------------

Current thread (0x000001d355829780):  JavaThread "Unknown thread" [_thread_in_vm, id=13108, stack(0x0000003961b00000,0x0000003961c00000) (1024K)]

Stack: [0x0000003961b00000,0x0000003961c00000]
Native frames: (J=compiled Java code, j=interpreted, Vv=VM code, C=native code)
V  [jvm.dll+0x6cae19]
V  [jvm.dll+0x855741]
V  [jvm.dll+0x857c6e]
V  [jvm.dll+0x858343]
V  [jvm.dll+0x27e0b6]
V  [jvm.dll+0x6c7595]
V  [jvm.dll+0x6bc0fa]
V  [jvm.dll+0x353eaa]
V  [jvm.dll+0x35bb26]
V  [jvm.dll+0x3ae52e]
V  [jvm.dll+0x3ae7d8]
V  [jvm.dll+0x3281bc]
V  [jvm.dll+0x328d1b]
V  [jvm.dll+0x81eaf9]
V  [jvm.dll+0x3bb211]
V  [jvm.dll+0x807d78]
V  [jvm.dll+0x4503ee]
V  [jvm.dll+0x451fe1]
C  [jli.dll+0x52a3]
C  [ucrtbase.dll+0x37b0]
C  [KERNEL32.DLL+0x2e8d7]
C  [ntdll.dll+0x3c34c]


---------------  P R O C E S S  ---------------

Threads class SMR info:
_java_thread_list=0x00007ffe4d5acc48, length=0, elements={
}

Java Threads: ( => current thread )
Total: 0

Other Threads:
  0x000001d355843ba0 WorkerThread "GC Thread#0"                     [id=28444, stack(0x0000003961c00000,0x0000003961d00000) (1024K)]
  0x000001d355847210 ConcurrentGCThread "G1 Main Marker"            [id=656, stack(0x0000003961d00000,0x0000003961e00000) (1024K)]
  0x000001d3558484b0 WorkerThread "G1 Conc#0"                       [id=36096, stack(0x0000003961e00000,0x0000003961f00000) (1024K)]

[error occurred during error reporting (printing all threads), id 0xc0000005, EXCEPTION_ACCESS_VIOLATION (0xc0000005) at pc=0x00007ffe4cd1a947]
VM state: not at safepoint (not fully initialized)

VM Mutex/Monitor currently owned by a thread:  ([mutex/lock_event])
[0x00007ffe4d61df50] Heap_lock - owner thread: 0x000001d355829780

Heap address: 0x00000000fc000000, size: 64 MB, Compressed Oops mode: 32-bit

CDS archive(s) mapped at: [0x0000000000000000-0x0000000000000000-0x0000000000000000), size 0, SharedBaseAddress: 0x0000000800000000, ArchiveRelocationMode: 1.
Narrow klass base: 0x0000000000000000, Narrow klass shift: 0, Narrow klass range: 0x0

GC Precious Log:
 CardTable entry size: 512
 Card Set container configuration: InlinePtr #cards 5 size 8 Array Of Cards #cards 12 size 40 Howl #buckets 4 coarsen threshold 1843 Howl Bitmap #cards 512 size 80 coarsen threshold 460 Card regions per heap region 1 cards per card region 2048

Heap:
 garbage-first heap   total 0K, used 0K [0x00000000fc000000, 0x0000000100000000)
  region size 1024K, 0 young (0K), 0 survivors (0K)

[error occurred during error reporting (printing heap information), id 0xc0000005, EXCEPTION_ACCESS_VIOLATION (0xc0000005) at pc=0x00007ffe4d103e79]
GC Heap History (0 events):
No events

Dll operation events (1 events):
Event: 0.012 Loaded shared library C:\Program Files\Java\jdk-21\bin\java.dll

Deoptimization events (0 events):
No events

Classes loaded (0 events):
No events

Classes unloaded (0 events):
No events

Classes redefined (0 events):
No events

Internal exceptions (0 events):
No events

ZGC Phase Switch (0 events):
No events

VM Operations (0 events):
No events

Events (0 events):
No events


Dynamic libraries:
0x00007ff60a120000 - 0x00007ff60a130000 	C:\Program Files\Java\jdk-21\bin\java.exe
0x00007fff45800000 - 0x00007fff45a65000 	C:\WINDOWS\SYSTEM32\ntdll.dll
0x00007fff447b0000 - 0x00007fff44879000 	C:\WINDOWS\System32\KERNEL32.DLL
0x00007fff431b0000 - 0x00007fff43598000 	C:\WINDOWS\System32\KERNELBASE.dll
0x00007fff42980000 - 0x00007fff42acb000 	C:\WINDOWS\System32\ucrtbase.dll
0x00007ffe89fc0000 - 0x00007ffe89fd9000 	C:\Program Files\Java\jdk-21\bin\jli.dll
0x00007ffe89fe0000 - 0x00007ffe89ffb000 	C:\Program Files\Java\jdk-21\bin\VCRUNTIME140.dll
0x00007fff43b60000 - 0x00007fff43c13000 	C:\WINDOWS\System32\ADVAPI32.dll
0x00007fff440c0000 - 0x00007fff44169000 	C:\WINDOWS\System32\msvcrt.dll
0x00007fff44300000 - 0x00007fff443a6000 	C:\WINDOWS\System32\sechost.dll
0x00007fff44880000 - 0x00007fff44995000 	C:\WINDOWS\System32\RPCRT4.dll
0x00007fff455c0000 - 0x00007fff4578a000 	C:\WINDOWS\System32\USER32.dll
0x00007fff1d5c0000 - 0x00007fff1d85a000 	C:\WINDOWS\WinSxS\amd64_microsoft.windows.common-controls_6595b64144ccf1df_6.0.26100.4202_none_3e0698d4e335f517\COMCTL32.dll
0x00007fff42950000 - 0x00007fff42977000 	C:\WINDOWS\System32\win32u.dll
0x00007fff44dc0000 - 0x00007fff44deb000 	C:\WINDOWS\System32\GDI32.dll
0x00007fff42ad0000 - 0x00007fff42c07000 	C:\WINDOWS\System32\gdi32full.dll
0x00007fff42c10000 - 0x00007fff42cb3000 	C:\WINDOWS\System32\msvcp_win.dll
0x00007fff3cb50000 - 0x00007fff3cb5b000 	C:\WINDOWS\SYSTEM32\VERSION.dll
0x00007fff44d80000 - 0x00007fff44db0000 	C:\WINDOWS\System32\IMM32.DLL
0x00007ffe89fb0000 - 0x00007ffe89fbc000 	C:\Program Files\Java\jdk-21\bin\vcruntime140_1.dll
0x00007ffe89f20000 - 0x00007ffe89fae000 	C:\Program Files\Java\jdk-21\bin\msvcp140.dll
0x00007ffe4c9e0000 - 0x00007ffe4d6fa000 	C:\Program Files\Java\jdk-21\bin\server\jvm.dll
0x00007fff44180000 - 0x00007fff441f4000 	C:\WINDOWS\System32\WS2_32.dll
0x00007fff427a0000 - 0x00007fff427fe000 	C:\WINDOWS\SYSTEM32\POWRPROF.dll
0x00007fff1f8b0000 - 0x00007fff1f8e5000 	C:\WINDOWS\SYSTEM32\WINMM.dll
0x00007fff42780000 - 0x00007fff42794000 	C:\WINDOWS\SYSTEM32\UMPDC.dll
0x00007fff41710000 - 0x00007fff4172b000 	C:\WINDOWS\SYSTEM32\kernel.appcore.dll
0x00007ffe89f10000 - 0x00007ffe89f1a000 	C:\Program Files\Java\jdk-21\bin\jimage.dll
0x00007fff3fa20000 - 0x00007fff3fc61000 	C:\WINDOWS\SYSTEM32\DBGHELP.DLL
0x00007fff436a0000 - 0x00007fff43a25000 	C:\WINDOWS\System32\combase.dll
0x00007fff435b0000 - 0x00007fff43691000 	C:\WINDOWS\System32\OLEAUT32.dll
0x00007fff2b750000 - 0x00007fff2b789000 	C:\WINDOWS\SYSTEM32\dbgcore.DLL
0x00007fff42cc0000 - 0x00007fff42d59000 	C:\WINDOWS\System32\bcryptPrimitives.dll
0x00007ffe89ef0000 - 0x00007ffe89f0f000 	C:\Program Files\Java\jdk-21\bin\java.dll

dbghelp: loaded successfully - version: 4.0.5 - missing functions: none
symbol engine: initialized successfully - sym options: 0x614 - pdb path: .;C:\Program Files\Java\jdk-21\bin;C:\WINDOWS\SYSTEM32;C:\WINDOWS\WinSxS\amd64_microsoft.windows.common-controls_6595b64144ccf1df_6.0.26100.4202_none_3e0698d4e335f517;C:\Program Files\Java\jdk-21\bin\server

VM Arguments:
jvm_args: -Xmx64m -Xms64m -Dorg.gradle.appname=gradlew 
java_command: C:\Users\PC\Documents\workspace-spring-tool-suite-4-4.27.0.RELEASE\demo-2\\gradle\wrapper\gradle-wrapper.jar clean
java_class_path (initial): C:\Users\PC\Documents\workspace-spring-tool-suite-4-4.27.0.RELEASE\demo-2\\gradle\wrapper\gradle-wrapper.jar
Launcher Type: SUN_STANDARD

[Global flags]
     intx CICompilerCount                          = 4                                         {product} {ergonomic}
     uint ConcGCThreads                            = 3                                         {product} {ergonomic}
     uint G1ConcRefinementThreads                  = 10                                        {product} {ergonomic}
   size_t G1HeapRegionSize                         = 1048576                                   {product} {ergonomic}
    uintx GCDrainStackTargetSize                   = 64                                        {product} {ergonomic}
   size_t InitialHeapSize                          = 67108864                                  {product} {command line}
   size_t MarkStackSize                            = 4194304                                   {product} {ergonomic}
   size_t MaxHeapSize                              = 67108864                                  {product} {command line}
   size_t MinHeapDeltaBytes                        = 1048576                                   {product} {ergonomic}
   size_t MinHeapSize                              = 67108864                                  {product} {command line}
    uintx NonNMethodCodeHeapSize                   = 5839372                                {pd product} {ergonomic}
    uintx NonProfiledCodeHeapSize                  = 122909434                              {pd product} {ergonomic}
    uintx ProfiledCodeHeapSize                     = 122909434                              {pd product} {ergonomic}
    uintx ReservedCodeCacheSize                    = 251658240                              {pd product} {ergonomic}
     bool SegmentedCodeCache                       = true                                      {product} {ergonomic}
   size_t SoftMaxHeapSize                          = 67108864                               {manageable} {ergonomic}
     bool UseCompressedOops                        = true                           {product lp64_product} {ergonomic}
     bool UseG1GC                                  = true                                      {product} {ergonomic}
     bool UseLargePagesIndividualAllocation        = false                                  {pd product} {ergonomic}

Logging:
Log output configuration:
 #0: stdout all=warning uptime,level,tags foldmultilines=false
 #1: stderr all=off uptime,level,tags foldmultilines=false

Environment Variables:
JAVA_HOME=C:\Program Files\Java\jdk-21
PATH=C:\Program Files\Microsoft MPI\Bin\;C:\Program Files\Common Files\Oracle\Java\javapath;C:\Program Files (x86)\Common Files\Intel\Shared Libraries\redist\intel64\compiler;C:\Windows\system32;C:\Windows;C:\Windows\System32\Wbem;C:\Windows\System32\WindowsPowerShell\v1.0\;C:\Windows\System32\OpenSSH\;C:\Program Files\NVIDIA Corporation\NVIDIA NvDLISR;C:\WINDOWS\system32;C:\WINDOWS;C:\WINDOWS\System32\Wbem;C:\WINDOWS\System32\WindowsPowerShell\v1.0\;C:\WINDOWS\System32\OpenSSH\;C:\Program Files (x86)\Windows Kits\10\Windows Performance Toolkit\;C:\Program Files\dotnet\;C:\MinGW\bin;C:\Program Files (x86)\Microsoft SQL Server\160\Tools\Binn\;C:\Program Files\Microsoft SQL Server\160\Tools\Binn\;C:\Program Files\Microsoft SQL Server\Client SDK\ODBC\170\Tools\Binn\;C:\Program Files\Microsoft SQL Server\160\DTS\Binn\;C:\Program Files (x86)\Microsoft SQL Server\160\DTS\Binn\;D:\node.js\;D:\Git\cmd;D:\d8\;C:\Program Files\Java\jdk-21\bin;C:\Users\PC\AppData\Local\Microsoft\WindowsApps;C:\Users\PC\AppData\Local\Programs\Microsoft VS Code\bin;C:\Users\PC\.dotnet\tools;C:\Users\PC\AppData\Roaming\npm;D:\apache-maven-3.9.9-bin\apache-maven-3.9.9\bin;
USERNAME=PC
LANG=en_US.UTF-8
OS=Windows_NT
PROCESSOR_IDENTIFIER=AMD64 Family 25 Model 68 Stepping 1, AuthenticAMD
TMP=C:\Users\PC\AppData\Local\Temp
TEMP=C:\Users\PC\AppData\Local\Temp




Periodic native trim disabled

---------------  S Y S T E M  ---------------

OS:
 Windows 11 , 64 bit Build 26100 (10.0.26100.4202)
OS uptime: 0 days 22:42 hours

CPU: total 12 (initial active 12) (12 cores per cpu, 2 threads per core) family 25 model 68 stepping 1 microcode 0xa404101, cx8, cmov, fxsr, ht, mmx, 3dnowpref, sse, sse2, sse3, ssse3, sse4a, sse4.1, sse4.2, popcnt, lzcnt, tsc, tscinvbit, avx, avx2, aes, clmul, bmi1, bmi2, adx, sha, fma, vzeroupper, clflush, clflushopt, rdtscp, rdpid, f16c, pku, cet_ss
Processor Information for processor 0
  Max Mhz: 3301, Current Mhz: 3301, Mhz Limit: 3301
Processor Information for processor 1
  Max Mhz: 3301, Current Mhz: 2008, Mhz Limit: 3301
Processor Information for processor 2
  Max Mhz: 3301, Current Mhz: 3301, Mhz Limit: 3301
Processor Information for processor 3
  Max Mhz: 3301, Current Mhz: 2008, Mhz Limit: 3301
Processor Information for processor 4
  Max Mhz: 3301, Current Mhz: 2008, Mhz Limit: 3301
Processor Information for processor 5
  Max Mhz: 3301, Current Mhz: 2008, Mhz Limit: 3301
Processor Information for processor 6
  Max Mhz: 3301, Current Mhz: 2008, Mhz Limit: 3301
Processor Information for processor 7
  Max Mhz: 3301, Current Mhz: 2008, Mhz Limit: 3301
Processor Information for processor 8
  Max Mhz: 3301, Current Mhz: 2008, Mhz Limit: 3301
Processor Information for processor 9
  Max Mhz: 3301, Current Mhz: 2008, Mhz Limit: 3301
Processor Information for processor 10
  Max Mhz: 3301, Current Mhz: 2008, Mhz Limit: 3301
Processor Information for processor 11
  Max Mhz: 3301, Current Mhz: 2008, Mhz Limit: 3301

Memory: 4k page, system-wide physical 5829M (490M free)
TotalPageFile size 28357M (AvailPageFile size 31M)
current process WorkingSet (physical memory assigned to process): 12M, peak: 12M
current process commit charge ("private bytes"): 63M, peak: 127M

vm_info: Java HotSpot(TM) 64-Bit Server VM (21.0.7+8-LTS-245) for windows-amd64 JRE (21.0.7+8-LTS-245), built on 2025-02-21T05:11:27Z by "mach5one" with MS VC++ 17.6 (VS2022)

END.
